<?xml version="1.0" encoding="UTF-8"?>
<testsuite name="BullsCowsTest" tests="1" skipped="0" failures="0" errors="0" timestamp="2024-04-24T11:39:36" hostname="MacBook-Pro.local" time="1.183">
  <properties/>
  <testcase name="start" classname="BullsCowsTest" time="1.183"/>
  <system-out><![CDATA[?[1;31m
Start test 1?[0m
Input the length of the secret code:
> 1
Input the number of possible symbols in the code:
> 10
The secret code is prepared: * (0-9).
Okay, let's start a game!
Turn 1:
> 0
Grade: 0 bull and 0 cow
Turn 2:
> 1
Grade: 0 bull and 0 cow
Turn 3:
> 2
Grade: 0 bull and 0 cow
Turn 4:
> 3
Grade: 0 bull and 0 cow
Turn 5:
> 4
Grade: 1 bull
Congratulations! You guessed the secret code.
?[1;31m
Start test 2?[0m
Input the length of the secret code:
> 4
Input the number of possible symbols in the code:
> 10
The secret code is prepared: **** (0-9).
Okay, let's start a game!
Turn 1:
> 0000
Grade: 1 bull and 3 cows
Turn 2:
> 1111
Grade: 1 bull and 3 cows
Turn 3:
> 2222
Grade: 0 bull and 0 cow
Turn 4:
> 3333
Grade: 0 bull and 0 cow
Turn 5:
> 4444
Grade: 0 bull and 0 cow
Turn 6:
> 5555
Grade: 0 bull and 0 cow
Turn 7:
> 6666
Grade: 1 bull and 3 cows
Turn 8:
> 7777
Grade: 1 bull and 3 cows
Turn 9:
> 0167
Grade: 1 bull and 3 cows
Turn 10:
> 1067
Grade: 0 bull and 4 cows
Turn 11:
> 6017
Grade: 1 bull and 3 cows
Turn 12:
> 0617
Grade: 2 bulls and 2 cows
Turn 13:
> 1607
Grade: 0 bull and 4 cows
Turn 14:
> 6107
Grade: 0 bull and 4 cows
Turn 15:
> 7106
Grade: 1 bull and 3 cows
Turn 16:
> 1706
Grade: 2 bulls and 2 cows
Turn 17:
> 0716
Grade: 4 bulls
Congratulations! You guessed the secret code.
?[1;31m
Start test 3?[0m
Input the length of the secret code:
> 6
Input the number of possible symbols in the code:
> 10
The secret code is prepared: ****** (0-9).
Okay, let's start a game!
Turn 1:
> 000000
Grade: 0 bull and 0 cow
Turn 2:
> 111111
Grade: 0 bull and 0 cow
Turn 3:
> 222222
Grade: 1 bull and 5 cows
Turn 4:
> 333333
Grade: 1 bull and 5 cows
Turn 5:
> 444444
Grade: 1 bull and 5 cows
Turn 6:
> 555555
Grade: 1 bull and 5 cows
Turn 7:
> 666666
Grade: 1 bull and 5 cows
Turn 8:
> 777777
Grade: 0 bull and 0 cow
Turn 9:
> 888888
Grade: 0 bull and 0 cow
Turn 10:
> 999999
Grade: 1 bull and 5 cows
Turn 11:
> 234569
Grade: 1 bull and 5 cows
Turn 12:
> 324569
Grade: 2 bulls and 4 cows
Turn 13:
> 423569
Grade: 4 bulls and 2 cows
Turn 14:
> 243569
Grade: 2 bulls and 4 cows
Turn 15:
> 342569
Grade: 1 bull and 5 cows
Turn 16:
> 432569
Grade: 2 bulls and 4 cows
Turn 17:
> 532469
Grade: 0 bull and 6 cows
Turn 18:
> 352469
Grade: 0 bull and 6 cows
Turn 19:
> 253469
Grade: 1 bull and 5 cows
Turn 20:
> 523469
Grade: 2 bulls and 4 cows
Turn 21:
> 325469
Grade: 1 bull and 5 cows
Turn 22:
> 235469
Grade: 0 bull and 6 cows
Turn 23:
> 245369
Grade: 0 bull and 6 cows
Turn 24:
> 425369
Grade: 2 bulls and 4 cows
Turn 25:
> 524369
Grade: 1 bull and 5 cows
Turn 26:
> 254369
Grade: 0 bull and 6 cows
Turn 27:
> 452369
Grade: 1 bull and 5 cows
Turn 28:
> 542369
Grade: 0 bull and 6 cows
Turn 29:
> 543269
Grade: 1 bull and 5 cows
Turn 30:
> 453269
Grade: 2 bulls and 4 cows
Turn 31:
> 354269
Grade: 0 bull and 6 cows
Turn 32:
> 534269
Grade: 0 bull and 6 cows
Turn 33:
> 435269
Grade: 1 bull and 5 cows
Turn 34:
> 345269
Grade: 0 bull and 6 cows
Turn 35:
> 645239
Grade: 0 bull and 6 cows
Turn 36:
> 465239
Grade: 1 bull and 5 cows
Turn 37:
> 564239
Grade: 0 bull and 6 cows
Turn 38:
> 654239
Grade: 0 bull and 6 cows
Turn 39:
> 456239
Grade: 1 bull and 5 cows
Turn 40:
> 546239
Grade: 0 bull and 6 cows
Turn 41:
> 246539
Grade: 1 bull and 5 cows
Turn 42:
> 426539
Grade: 3 bulls and 3 cows
Turn 43:
> 624539
Grade: 2 bulls and 4 cows
Turn 44:
> 264539
Grade: 1 bull and 5 cows
Turn 45:
> 462539
Grade: 2 bulls and 4 cows
Turn 46:
> 642539
Grade: 1 bull and 5 cows
Turn 47:
> 652439
Grade: 0 bull and 6 cows
Turn 48:
> 562439
Grade: 0 bull and 6 cows
Turn 49:
> 265439
Grade: 0 bull and 6 cows
Turn 50:
> 625439
Grade: 1 bull and 5 cows
Turn 51:
> 526439
Grade: 1 bull and 5 cows
Turn 52:
> 256439
Grade: 0 bull and 6 cows
Turn 53:
> 254639
Grade: 0 bull and 6 cows
Turn 54:
> 524639
Grade: 1 bull and 5 cows
Turn 55:
> 425639
Grade: 2 bulls and 4 cows
Turn 56:
> 245639
Grade: 0 bull and 6 cows
Turn 57:
> 542639
Grade: 0 bull and 6 cows
Turn 58:
> 452639
Grade: 1 bull and 5 cows
Turn 59:
> 352649
Grade: 0 bull and 6 cows
Turn 60:
> 532649
Grade: 0 bull and 6 cows
Turn 61:
> 235649
Grade: 0 bull and 6 cows
Turn 62:
> 325649
Grade: 1 bull and 5 cows
Turn 63:
> 523649
Grade: 2 bulls and 4 cows
Turn 64:
> 253649
Grade: 1 bull and 5 cows
Turn 65:
> 653249
Grade: 1 bull and 5 cows
Turn 66:
> 563249
Grade: 1 bull and 5 cows
Turn 67:
> 365249
Grade: 0 bull and 6 cows
Turn 68:
> 635249
Grade: 0 bull and 6 cows
Turn 69:
> 536249
Grade: 0 bull and 6 cows
Turn 70:
> 356249
Grade: 0 bull and 6 cows
Turn 71:
> 326549
Grade: 2 bulls and 4 cows
Turn 72:
> 236549
Grade: 1 bull and 5 cows
Turn 73:
> 632549
Grade: 1 bull and 5 cows
Turn 74:
> 362549
Grade: 1 bull and 5 cows
Turn 75:
> 263549
Grade: 2 bulls and 4 cows
Turn 76:
> 623549
Grade: 3 bulls and 3 cows
Turn 77:
> 625349
Grade: 1 bull and 5 cows
Turn 78:
> 265349
Grade: 0 bull and 6 cows
Turn 79:
> 562349
Grade: 0 bull and 6 cows
Turn 80:
> 652349
Grade: 0 bull and 6 cows
Turn 81:
> 256349
Grade: 0 bull and 6 cows
Turn 82:
> 526349
Grade: 1 bull and 5 cows
Turn 83:
> 426359
Grade: 2 bulls and 4 cows
Turn 84:
> 246359
Grade: 0 bull and 6 cows
Turn 85:
> 642359
Grade: 0 bull and 6 cows
Turn 86:
> 462359
Grade: 1 bull and 5 cows
Turn 87:
> 264359
Grade: 0 bull and 6 cows
Turn 88:
> 624359
Grade: 1 bull and 5 cows
Turn 89:
> 324659
Grade: 1 bull and 5 cows
Turn 90:
> 234659
Grade: 0 bull and 6 cows
Turn 91:
> 432659
Grade: 1 bull and 5 cows
Turn 92:
> 342659
Grade: 0 bull and 6 cows
Turn 93:
> 243659
Grade: 1 bull and 5 cows
Turn 94:
> 423659
Grade: 3 bulls and 3 cows
Turn 95:
> 463259
Grade: 2 bulls and 4 cows
Turn 96:
> 643259
Grade: 1 bull and 5 cows
Turn 97:
> 346259
Grade: 0 bull and 6 cows
Turn 98:
> 436259
Grade: 1 bull and 5 cows
Turn 99:
> 634259
Grade: 0 bull and 6 cows
Turn 100:
> 364259
Grade: 0 bull and 6 cows
Turn 101:
> 362459
Grade: 0 bull and 6 cows
Turn 102:
> 632459
Grade: 0 bull and 6 cows
Turn 103:
> 236459
Grade: 0 bull and 6 cows
Turn 104:
> 326459
Grade: 1 bull and 5 cows
Turn 105:
> 623459
Grade: 2 bulls and 4 cows
Turn 106:
> 263459
Grade: 1 bull and 5 cows
Turn 107:
> 563429
Grade: 1 bull and 5 cows
Turn 108:
> 653429
Grade: 1 bull and 5 cows
Turn 109:
> 356429
Grade: 0 bull and 6 cows
Turn 110:
> 536429
Grade: 0 bull and 6 cows
Turn 111:
> 635429
Grade: 0 bull and 6 cows
Turn 112:
> 365429
Grade: 0 bull and 6 cows
Turn 113:
> 465329
Grade: 1 bull and 5 cows
Turn 114:
> 645329
Grade: 0 bull and 6 cows
Turn 115:
> 546329
Grade: 0 bull and 6 cows
Turn 116:
> 456329
Grade: 1 bull and 5 cows
Turn 117:
> 654329
Grade: 0 bull and 6 cows
Turn 118:
> 564329
Grade: 0 bull and 6 cows
Turn 119:
> 534629
Grade: 0 bull and 6 cows
Turn 120:
> 354629
Grade: 0 bull and 6 cows
Turn 121:
> 453629
Grade: 2 bulls and 4 cows
Turn 122:
> 543629
Grade: 1 bull and 5 cows
Turn 123:
> 345629
Grade: 0 bull and 6 cows
Turn 124:
> 435629
Grade: 1 bull and 5 cows
Turn 125:
> 436529
Grade: 2 bulls and 4 cows
Turn 126:
> 346529
Grade: 1 bull and 5 cows
Turn 127:
> 643529
Grade: 2 bulls and 4 cows
Turn 128:
> 463529
Grade: 3 bulls and 3 cows
Turn 129:
> 364529
Grade: 1 bull and 5 cows
Turn 130:
> 634529
Grade: 1 bull and 5 cows
Turn 131:
> 934526
Grade: 2 bulls and 4 cows
Turn 132:
> 394526
Grade: 2 bulls and 4 cows
Turn 133:
> 493526
Grade: 4 bulls and 2 cows
Turn 134:
> 943526
Grade: 3 bulls and 3 cows
Turn 135:
> 349526
Grade: 2 bulls and 4 cows
Turn 136:
> 439526
Grade: 3 bulls and 3 cows
Turn 137:
> 539426
Grade: 1 bull and 5 cows
Turn 138:
> 359426
Grade: 1 bull and 5 cows
Turn 139:
> 953426
Grade: 2 bulls and 4 cows
Turn 140:
> 593426
Grade: 2 bulls and 4 cows
Turn 141:
> 395426
Grade: 1 bull and 5 cows
Turn 142:
> 935426
Grade: 1 bull and 5 cows
Turn 143:
> 945326
Grade: 1 bull and 5 cows
Turn 144:
> 495326
Grade: 2 bulls and 4 cows
Turn 145:
> 594326
Grade: 1 bull and 5 cows
Turn 146:
> 954326
Grade: 1 bull and 5 cows
Turn 147:
> 459326
Grade: 2 bulls and 4 cows
Turn 148:
> 549326
Grade: 1 bull and 5 cows
Turn 149:
> 543926
Grade: 2 bulls and 4 cows
Turn 150:
> 453926
Grade: 3 bulls and 3 cows
Turn 151:
> 354926
Grade: 1 bull and 5 cows
Turn 152:
> 534926
Grade: 1 bull and 5 cows
Turn 153:
> 435926
Grade: 2 bulls and 4 cows
Turn 154:
> 345926
Grade: 1 bull and 5 cows
Turn 155:
> 245936
Grade: 1 bull and 5 cows
Turn 156:
> 425936
Grade: 3 bulls and 3 cows
Turn 157:
> 524936
Grade: 2 bulls and 4 cows
Turn 158:
> 254936
Grade: 1 bull and 5 cows
Turn 159:
> 452936
Grade: 2 bulls and 4 cows
Turn 160:
> 542936
Grade: 1 bull and 5 cows
Turn 161:
> 942536
Grade: 2 bulls and 4 cows
Turn 162:
> 492536
Grade: 3 bulls and 3 cows
Turn 163:
> 294536
Grade: 2 bulls and 4 cows
Turn 164:
> 924536
Grade: 3 bulls and 3 cows
Turn 165:
> 429536
Grade: 4 bulls and 2 cows
Turn 166:
> 249536
Grade: 2 bulls and 4 cows
Turn 167:
> 259436
Grade: 1 bull and 5 cows
Turn 168:
> 529436
Grade: 2 bulls and 4 cows
Turn 169:
> 925436
Grade: 2 bulls and 4 cows
Turn 170:
> 295436
Grade: 1 bull and 5 cows
Turn 171:
> 592436
Grade: 1 bull and 5 cows
Turn 172:
> 952436
Grade: 1 bull and 5 cows
Turn 173:
> 954236
Grade: 1 bull and 5 cows
Turn 174:
> 594236
Grade: 1 bull and 5 cows
Turn 175:
> 495236
Grade: 2 bulls and 4 cows
Turn 176:
> 945236
Grade: 1 bull and 5 cows
Turn 177:
> 549236
Grade: 1 bull and 5 cows
Turn 178:
> 459236
Grade: 2 bulls and 4 cows
Turn 179:
> 359246
Grade: 1 bull and 5 cows
Turn 180:
> 539246
Grade: 1 bull and 5 cows
Turn 181:
> 935246
Grade: 1 bull and 5 cows
Turn 182:
> 395246
Grade: 1 bull and 5 cows
Turn 183:
> 593246
Grade: 2 bulls and 4 cows
Turn 184:
> 953246
Grade: 2 bulls and 4 cows
Turn 185:
> 253946
Grade: 2 bulls and 4 cows
Turn 186:
> 523946
Grade: 3 bulls and 3 cows
Turn 187:
> 325946
Grade: 2 bulls and 4 cows
Turn 188:
> 235946
Grade: 1 bull and 5 cows
Turn 189:
> 532946
Grade: 1 bull and 5 cows
Turn 190:
> 352946
Grade: 1 bull and 5 cows
Turn 191:
> 392546
Grade: 2 bulls and 4 cows
Turn 192:
> 932546
Grade: 2 bulls and 4 cows
Turn 193:
> 239546
Grade: 2 bulls and 4 cows
Turn 194:
> 329546
Grade: 3 bulls and 3 cows
Turn 195:
> 923546
Grade: 4 bulls and 2 cows
Turn 196:
> 293546
Grade: 3 bulls and 3 cows
Turn 197:
> 295346
Grade: 1 bull and 5 cows
Turn 198:
> 925346
Grade: 2 bulls and 4 cows
Turn 199:
> 529346
Grade: 2 bulls and 4 cows
Turn 200:
> 259346
Grade: 1 bull and 5 cows
Turn 201:
> 952346
Grade: 1 bull and 5 cows
Turn 202:
> 592346
Grade: 1 bull and 5 cows
Turn 203:
> 492356
Grade: 2 bulls and 4 cows
Turn 204:
> 942356
Grade: 1 bull and 5 cows
Turn 205:
> 249356
Grade: 1 bull and 5 cows
Turn 206:
> 429356
Grade: 3 bulls and 3 cows
Turn 207:
> 924356
Grade: 2 bulls and 4 cows
Turn 208:
> 294356
Grade: 1 bull and 5 cows
Turn 209:
> 394256
Grade: 1 bull and 5 cows
Turn 210:
> 934256
Grade: 1 bull and 5 cows
Turn 211:
> 439256
Grade: 2 bulls and 4 cows
Turn 212:
> 349256
Grade: 1 bull and 5 cows
Turn 213:
> 943256
Grade: 2 bulls and 4 cows
Turn 214:
> 493256
Grade: 3 bulls and 3 cows
Turn 215:
> 423956
Grade: 4 bulls and 2 cows
Turn 216:
> 243956
Grade: 2 bulls and 4 cows
Turn 217:
> 342956
Grade: 1 bull and 5 cows
Turn 218:
> 432956
Grade: 2 bulls and 4 cows
Turn 219:
> 234956
Grade: 1 bull and 5 cows
Turn 220:
> 324956
Grade: 2 bulls and 4 cows
Turn 221:
> 329456
Grade: 2 bulls and 4 cows
Turn 222:
> 239456
Grade: 1 bull and 5 cows
Turn 223:
> 932456
Grade: 1 bull and 5 cows
Turn 224:
> 392456
Grade: 1 bull and 5 cows
Turn 225:
> 293456
Grade: 2 bulls and 4 cows
Turn 226:
> 923456
Grade: 3 bulls and 3 cows
Turn 227:
> 523496
Grade: 4 bulls and 2 cows
Turn 228:
> 253496
Grade: 3 bulls and 3 cows
Turn 229:
> 352496
Grade: 2 bulls and 4 cows
Turn 230:
> 532496
Grade: 2 bulls and 4 cows
Turn 231:
> 235496
Grade: 2 bulls and 4 cows
Turn 232:
> 325496
Grade: 3 bulls and 3 cows
Turn 233:
> 425396
Grade: 4 bulls and 2 cows
Turn 234:
> 245396
Grade: 2 bulls and 4 cows
Turn 235:
> 542396
Grade: 2 bulls and 4 cows
Turn 236:
> 452396
Grade: 3 bulls and 3 cows
Turn 237:
> 254396
Grade: 2 bulls and 4 cows
Turn 238:
> 524396
Grade: 3 bulls and 3 cows
Turn 239:
> 534296
Grade: 2 bulls and 4 cows
Turn 240:
> 354296
Grade: 2 bulls and 4 cows
Turn 241:
> 453296
Grade: 4 bulls and 2 cows
Turn 242:
> 543296
Grade: 3 bulls and 3 cows
Turn 243:
> 345296
Grade: 2 bulls and 4 cows
Turn 244:
> 435296
Grade: 3 bulls and 3 cows
Turn 245:
> 432596
Grade: 4 bulls and 2 cows
Turn 246:
> 342596
Grade: 3 bulls and 3 cows
Turn 247:
> 243596
Grade: 4 bulls and 2 cows
Turn 248:
> 423596
Grade: 6 bulls
Congratulations! You guessed the secret code.
?[1;31m
Start test 4?[0m
Input the length of the secret code:
> 4
Input the number of possible symbols in the code:
> 16
The secret code is prepared: **** (0-9, a-f).
Okay, let's start a game!
Turn 1:
> 0000
Grade: 0 bull and 0 cow
Turn 2:
> 1111
Grade: 0 bull and 0 cow
Turn 3:
> 2222
Grade: 1 bull and 3 cows
Turn 4:
> 3333
Grade: 0 bull and 0 cow
Turn 5:
> 4444
Grade: 0 bull and 0 cow
Turn 6:
> 5555
Grade: 0 bull and 0 cow
Turn 7:
> 6666
Grade: 1 bull and 3 cows
Turn 8:
> 7777
Grade: 0 bull and 0 cow
Turn 9:
> 8888
Grade: 1 bull and 3 cows
Turn 10:
> 9999
Grade: 0 bull and 0 cow
Turn 11:
> aaaa
Grade: 0 bull and 0 cow
Turn 12:
> bbbb
Grade: 0 bull and 0 cow
Turn 13:
> cccc
Grade: 1 bull and 3 cows
Turn 14:
> 268c
Grade: 1 bull and 3 cows
Turn 15:
> 628c
Grade: 2 bulls and 2 cows
Turn 16:
> 826c
Grade: 1 bull and 3 cows
Turn 17:
> 286c
Grade: 0 bull and 4 cows
Turn 18:
> 682c
Grade: 0 bull and 4 cows
Turn 19:
> 862c
Grade: 0 bull and 4 cows
Turn 20:
> c628
Grade: 1 bull and 3 cows
Turn 21:
> 6c28
Grade: 0 bull and 4 cows
Turn 22:
> 2c68
Grade: 0 bull and 4 cows
Turn 23:
> c268
Grade: 2 bulls and 2 cows
Turn 24:
> 62c8
Grade: 1 bull and 3 cows
Turn 25:
> 26c8
Grade: 0 bull and 4 cows
Turn 26:
> 28c6
Grade: 1 bull and 3 cows
Turn 27:
> 82c6
Grade: 2 bulls and 2 cows
Turn 28:
> c286
Grade: 4 bulls
Congratulations! You guessed the secret code.
?[1;31m
Start test 5?[0m
Input the length of the secret code:
> 6
Input the number of possible symbols in the code:
> 36
The secret code is prepared: ****** (0-9, a-z).
Okay, let's start a game!
Turn 1:
> 000000
Grade: 0 bull and 0 cow
Turn 2:
> 111111
Grade: 0 bull and 0 cow
Turn 3:
> 222222
Grade: 0 bull and 0 cow
Turn 4:
> 333333
Grade: 0 bull and 0 cow
Turn 5:
> 444444
Grade: 1 bull and 5 cows
Turn 6:
> 555555
Grade: 0 bull and 0 cow
Turn 7:
> 666666
Grade: 1 bull and 5 cows
Turn 8:
> 777777
Grade: 0 bull and 0 cow
Turn 9:
> 888888
Grade: 0 bull and 0 cow
Turn 10:
> 999999
Grade: 0 bull and 0 cow
Turn 11:
> aaaaaa
Grade: 0 bull and 0 cow
Turn 12:
> bbbbbb
Grade: 0 bull and 0 cow
Turn 13:
> cccccc
Grade: 0 bull and 0 cow
Turn 14:
> dddddd
Grade: 1 bull and 5 cows
Turn 15:
> eeeeee
Grade: 0 bull and 0 cow
Turn 16:
> ffffff
Grade: 1 bull and 5 cows
Turn 17:
> gggggg
Grade: 0 bull and 0 cow
Turn 18:
> hhhhhh
Grade: 0 bull and 0 cow
Turn 19:
> iiiiii
Grade: 0 bull and 0 cow
Turn 20:
> jjjjjj
Grade: 0 bull and 0 cow
Turn 21:
> kkkkkk
Grade: 1 bull and 5 cows
Turn 22:
> llllll
Grade: 0 bull and 0 cow
Turn 23:
> mmmmmm
Grade: 0 bull and 0 cow
Turn 24:
> nnnnnn
Grade: 0 bull and 0 cow
Turn 25:
> oooooo
Grade: 0 bull and 0 cow
Turn 26:
> pppppp
Grade: 0 bull and 0 cow
Turn 27:
> qqqqqq
Grade: 0 bull and 0 cow
Turn 28:
> rrrrrr
Grade: 1 bull and 5 cows
Turn 29:
> 46dfkr
Grade: 2 bulls and 4 cows
Turn 30:
> 64dfkr
Grade: 0 bull and 6 cows
Turn 31:
> d46fkr
Grade: 0 bull and 6 cows
Turn 32:
> 4d6fkr
Grade: 1 bull and 5 cows
Turn 33:
> 6d4fkr
Grade: 0 bull and 6 cows
Turn 34:
> d64fkr
Grade: 1 bull and 5 cows
Turn 35:
> f64dkr
Grade: 1 bull and 5 cows
Turn 36:
> 6f4dkr
Grade: 0 bull and 6 cows
Turn 37:
> 4f6dkr
Grade: 1 bull and 5 cows
Turn 38:
> f46dkr
Grade: 0 bull and 6 cows
Turn 39:
> 64fdkr
Grade: 1 bull and 5 cows
Turn 40:
> 46fdkr
Grade: 3 bulls and 3 cows
Turn 41:
> 4df6kr
Grade: 2 bulls and 4 cows
Turn 42:
> d4f6kr
Grade: 1 bull and 5 cows
Turn 43:
> f4d6kr
Grade: 0 bull and 6 cows
Turn 44:
> 4fd6kr
Grade: 1 bull and 5 cows
Turn 45:
> df46kr
Grade: 0 bull and 6 cows
Turn 46:
> fd46kr
Grade: 0 bull and 6 cows
Turn 47:
> fd64kr
Grade: 0 bull and 6 cows
Turn 48:
> df64kr
Grade: 0 bull and 6 cows
Turn 49:
> 6fd4kr
Grade: 0 bull and 6 cows
Turn 50:
> f6d4kr
Grade: 1 bull and 5 cows
Turn 51:
> d6f4kr
Grade: 2 bulls and 4 cows
Turn 52:
> 6df4kr
Grade: 1 bull and 5 cows
Turn 53:
> kdf46r
Grade: 1 bull and 5 cows
Turn 54:
> dkf46r
Grade: 1 bull and 5 cows
Turn 55:
> fkd46r
Grade: 0 bull and 6 cows
Turn 56:
> kfd46r
Grade: 0 bull and 6 cows
Turn 57:
> dfk46r
Grade: 0 bull and 6 cows
Turn 58:
> fdk46r
Grade: 0 bull and 6 cows
Turn 59:
> 4dkf6r
Grade: 1 bull and 5 cows
Turn 60:
> d4kf6r
Grade: 0 bull and 6 cows
Turn 61:
> k4df6r
Grade: 0 bull and 6 cows
Turn 62:
> 4kdf6r
Grade: 1 bull and 5 cows
Turn 63:
> dk4f6r
Grade: 0 bull and 6 cows
Turn 64:
> kd4f6r
Grade: 0 bull and 6 cows
Turn 65:
> kf4d6r
Grade: 0 bull and 6 cows
Turn 66:
> fk4d6r
Grade: 0 bull and 6 cows
Turn 67:
> 4kfd6r
Grade: 2 bulls and 4 cows
Turn 68:
> k4fd6r
Grade: 1 bull and 5 cows
Turn 69:
> f4kd6r
Grade: 0 bull and 6 cows
Turn 70:
> 4fkd6r
Grade: 1 bull and 5 cows
Turn 71:
> 4fdk6r
Grade: 1 bull and 5 cows
Turn 72:
> f4dk6r
Grade: 0 bull and 6 cows
Turn 73:
> d4fk6r
Grade: 1 bull and 5 cows
Turn 74:
> 4dfk6r
Grade: 2 bulls and 4 cows
Turn 75:
> fd4k6r
Grade: 0 bull and 6 cows
Turn 76:
> df4k6r
Grade: 0 bull and 6 cows
Turn 77:
> 6f4kdr
Grade: 1 bull and 5 cows
Turn 78:
> f64kdr
Grade: 2 bulls and 4 cows
Turn 79:
> 46fkdr
Grade: 4 bulls and 2 cows
Turn 80:
> 64fkdr
Grade: 2 bulls and 4 cows
Turn 81:
> f46kdr
Grade: 1 bull and 5 cows
Turn 82:
> 4f6kdr
Grade: 2 bulls and 4 cows
Turn 83:
> kf64dr
Grade: 1 bull and 5 cows
Turn 84:
> fk64dr
Grade: 1 bull and 5 cows
Turn 85:
> 6kf4dr
Grade: 2 bulls and 4 cows
Turn 86:
> k6f4dr
Grade: 3 bulls and 3 cows
Turn 87:
> f6k4dr
Grade: 2 bulls and 4 cows
Turn 88:
> 6fk4dr
Grade: 1 bull and 5 cows
Turn 89:
> 64kfdr
Grade: 1 bull and 5 cows
Turn 90:
> 46kfdr
Grade: 3 bulls and 3 cows
Turn 91:
> k64fdr
Grade: 2 bulls and 4 cows
Turn 92:
> 6k4fdr
Grade: 1 bull and 5 cows
Turn 93:
> 4k6fdr
Grade: 2 bulls and 4 cows
Turn 94:
> k46fdr
Grade: 1 bull and 5 cows
Turn 95:
> k4f6dr
Grade: 2 bulls and 4 cows
Turn 96:
> 4kf6dr
Grade: 3 bulls and 3 cows
Turn 97:
> fk46dr
Grade: 1 bull and 5 cows
Turn 98:
> kf46dr
Grade: 1 bull and 5 cows
Turn 99:
> 4fk6dr
Grade: 2 bulls and 4 cows
Turn 100:
> f4k6dr
Grade: 1 bull and 5 cows
Turn 101:
> d4k6fr
Grade: 0 bull and 6 cows
Turn 102:
> 4dk6fr
Grade: 1 bull and 5 cows
Turn 103:
> kd46fr
Grade: 0 bull and 6 cows
Turn 104:
> dk46fr
Grade: 0 bull and 6 cows
Turn 105:
> 4kd6fr
Grade: 1 bull and 5 cows
Turn 106:
> k4d6fr
Grade: 0 bull and 6 cows
Turn 107:
> 64dkfr
Grade: 0 bull and 6 cows
Turn 108:
> 46dkfr
Grade: 2 bulls and 4 cows
Turn 109:
> d64kfr
Grade: 1 bull and 5 cows
Turn 110:
> 6d4kfr
Grade: 0 bull and 6 cows
Turn 111:
> 4d6kfr
Grade: 1 bull and 5 cows
Turn 112:
> d46kfr
Grade: 0 bull and 6 cows
Turn 113:
> dk64fr
Grade: 0 bull and 6 cows
Turn 114:
> kd64fr
Grade: 0 bull and 6 cows
Turn 115:
> 6dk4fr
Grade: 0 bull and 6 cows
Turn 116:
> d6k4fr
Grade: 1 bull and 5 cows
Turn 117:
> k6d4fr
Grade: 1 bull and 5 cows
Turn 118:
> 6kd4fr
Grade: 0 bull and 6 cows
Turn 119:
> 6k4dfr
Grade: 0 bull and 6 cows
Turn 120:
> k64dfr
Grade: 1 bull and 5 cows
Turn 121:
> 46kdfr
Grade: 2 bulls and 4 cows
Turn 122:
> 64kdfr
Grade: 0 bull and 6 cows
Turn 123:
> k46dfr
Grade: 0 bull and 6 cows
Turn 124:
> 4k6dfr
Grade: 1 bull and 5 cows
Turn 125:
> fk6d4r
Grade: 0 bull and 6 cows
Turn 126:
> kf6d4r
Grade: 0 bull and 6 cows
Turn 127:
> 6fkd4r
Grade: 0 bull and 6 cows
Turn 128:
> f6kd4r
Grade: 1 bull and 5 cows
Turn 129:
> k6fd4r
Grade: 2 bulls and 4 cows
Turn 130:
> 6kfd4r
Grade: 1 bull and 5 cows
Turn 131:
> dkf64r
Grade: 1 bull and 5 cows
Turn 132:
> kdf64r
Grade: 1 bull and 5 cows
Turn 133:
> fdk64r
Grade: 0 bull and 6 cows
Turn 134:
> dfk64r
Grade: 0 bull and 6 cows
Turn 135:
> kfd64r
Grade: 0 bull and 6 cows
Turn 136:
> fkd64r
Grade: 0 bull and 6 cows
Turn 137:
> f6dk4r
Grade: 1 bull and 5 cows
Turn 138:
> 6fdk4r
Grade: 0 bull and 6 cows
Turn 139:
> df6k4r
Grade: 0 bull and 6 cows
Turn 140:
> fd6k4r
Grade: 0 bull and 6 cows
Turn 141:
> 6dfk4r
Grade: 1 bull and 5 cows
Turn 142:
> d6fk4r
Grade: 2 bulls and 4 cows
Turn 143:
> d6kf4r
Grade: 1 bull and 5 cows
Turn 144:
> 6dkf4r
Grade: 0 bull and 6 cows
Turn 145:
> kd6f4r
Grade: 0 bull and 6 cows
Turn 146:
> dk6f4r
Grade: 0 bull and 6 cows
Turn 147:
> 6kdf4r
Grade: 0 bull and 6 cows
Turn 148:
> k6df4r
Grade: 1 bull and 5 cows
Turn 149:
> r6df4k
Grade: 2 bulls and 4 cows
Turn 150:
> 6rdf4k
Grade: 1 bull and 5 cows
Turn 151:
> dr6f4k
Grade: 1 bull and 5 cows
Turn 152:
> rd6f4k
Grade: 1 bull and 5 cows
Turn 153:
> 6drf4k
Grade: 1 bull and 5 cows
Turn 154:
> d6rf4k
Grade: 2 bulls and 4 cows
Turn 155:
> f6rd4k
Grade: 2 bulls and 4 cows
Turn 156:
> 6frd4k
Grade: 1 bull and 5 cows
Turn 157:
> rf6d4k
Grade: 1 bull and 5 cows
Turn 158:
> fr6d4k
Grade: 1 bull and 5 cows
Turn 159:
> 6rfd4k
Grade: 2 bulls and 4 cows
Turn 160:
> r6fd4k
Grade: 3 bulls and 3 cows
Turn 161:
> rdf64k
Grade: 2 bulls and 4 cows
Turn 162:
> drf64k
Grade: 2 bulls and 4 cows
Turn 163:
> frd64k
Grade: 1 bull and 5 cows
Turn 164:
> rfd64k
Grade: 1 bull and 5 cows
Turn 165:
> dfr64k
Grade: 1 bull and 5 cows
Turn 166:
> fdr64k
Grade: 1 bull and 5 cows
Turn 167:
> fd6r4k
Grade: 2 bulls and 4 cows
Turn 168:
> df6r4k
Grade: 2 bulls and 4 cows
Turn 169:
> 6fdr4k
Grade: 2 bulls and 4 cows
Turn 170:
> f6dr4k
Grade: 3 bulls and 3 cows
Turn 171:
> d6fr4k
Grade: 4 bulls and 2 cows
Turn 172:
> 6dfr4k
Grade: 3 bulls and 3 cows
Turn 173:
> 4dfr6k
Grade: 4 bulls and 2 cows
Turn 174:
> d4fr6k
Grade: 3 bulls and 3 cows
Turn 175:
> f4dr6k
Grade: 2 bulls and 4 cows
Turn 176:
> 4fdr6k
Grade: 3 bulls and 3 cows
Turn 177:
> df4r6k
Grade: 2 bulls and 4 cows
Turn 178:
> fd4r6k
Grade: 2 bulls and 4 cows
Turn 179:
> rd4f6k
Grade: 1 bull and 5 cows
Turn 180:
> dr4f6k
Grade: 1 bull and 5 cows
Turn 181:
> 4rdf6k
Grade: 2 bulls and 4 cows
Turn 182:
> r4df6k
Grade: 1 bull and 5 cows
Turn 183:
> d4rf6k
Grade: 1 bull and 5 cows
Turn 184:
> 4drf6k
Grade: 2 bulls and 4 cows
Turn 185:
> 4frd6k
Grade: 2 bulls and 4 cows
Turn 186:
> f4rd6k
Grade: 1 bull and 5 cows
Turn 187:
> r4fd6k
Grade: 2 bulls and 4 cows
Turn 188:
> 4rfd6k
Grade: 3 bulls and 3 cows
Turn 189:
> fr4d6k
Grade: 1 bull and 5 cows
Turn 190:
> rf4d6k
Grade: 1 bull and 5 cows
Turn 191:
> rfd46k
Grade: 1 bull and 5 cows
Turn 192:
> frd46k
Grade: 1 bull and 5 cows
Turn 193:
> drf46k
Grade: 2 bulls and 4 cows
Turn 194:
> rdf46k
Grade: 2 bulls and 4 cows
Turn 195:
> fdr46k
Grade: 1 bull and 5 cows
Turn 196:
> dfr46k
Grade: 1 bull and 5 cows
Turn 197:
> 6fr4dk
Grade: 2 bulls and 4 cows
Turn 198:
> f6r4dk
Grade: 3 bulls and 3 cows
Turn 199:
> r6f4dk
Grade: 4 bulls and 2 cows
Turn 200:
> 6rf4dk
Grade: 3 bulls and 3 cows
Turn 201:
> fr64dk
Grade: 2 bulls and 4 cows
Turn 202:
> rf64dk
Grade: 2 bulls and 4 cows
Turn 203:
> 4f6rdk
Grade: 4 bulls and 2 cows
Turn 204:
> f46rdk
Grade: 3 bulls and 3 cows
Turn 205:
> 64frdk
Grade: 4 bulls and 2 cows
Turn 206:
> 46frdk
Grade: 6 bulls
Congratulations! You guessed the secret code.
]]></system-out>
  <system-err><![CDATA[]]></system-err>
</testsuite>
