<?xml version="1.0" encoding="UTF-8"?>
<testsuite name="BullsCowsTest" tests="1" skipped="0" failures="0" errors="0" timestamp="2024-04-24T11:44:54" hostname="MacBook-Pro.local" time="2.297">
  <properties/>
  <testcase name="start" classname="BullsCowsTest" time="2.297"/>
  <system-out><![CDATA[?[1;31m
Start test 1?[0m
Input the length of the secret code:
> 1
Input the number of possible symbols in the code:
> 10
The secret code is prepared: * (0-9).
Okay, let's start a game!
Turn 1:
> 0
Grade: 1 bull
Congratulations! You guessed the secret code.
?[1;31m
Start test 2?[0m
Input the length of the secret code:
> 4
Input the number of possible symbols in the code:
> 10
The secret code is prepared: **** (0-9).
Okay, let's start a game!
Turn 1:
> 0000
Grade: 1 bull and 3 cows
Turn 2:
> 1111
Grade: 1 bull and 3 cows
Turn 3:
> 2222
Grade: 0 bull and 0 cow
Turn 4:
> 3333
Grade: 0 bull and 0 cow
Turn 5:
> 4444
Grade: 0 bull and 0 cow
Turn 6:
> 5555
Grade: 0 bull and 0 cow
Turn 7:
> 6666
Grade: 1 bull and 3 cows
Turn 8:
> 7777
Grade: 0 bull and 0 cow
Turn 9:
> 8888
Grade: 1 bull and 3 cows
Turn 10:
> 0168
Grade: 1 bull and 3 cows
Turn 11:
> 1068
Grade: 0 bull and 4 cows
Turn 12:
> 6018
Grade: 0 bull and 4 cows
Turn 13:
> 0618
Grade: 2 bulls and 2 cows
Turn 14:
> 1608
Grade: 1 bull and 3 cows
Turn 15:
> 6108
Grade: 0 bull and 4 cows
Turn 16:
> 8106
Grade: 0 bull and 4 cows
Turn 17:
> 1806
Grade: 0 bull and 4 cows
Turn 18:
> 0816
Grade: 1 bull and 3 cows
Turn 19:
> 8016
Grade: 0 bull and 4 cows
Turn 20:
> 1086
Grade: 1 bull and 3 cows
Turn 21:
> 0186
Grade: 2 bulls and 2 cows
Turn 22:
> 0681
Grade: 4 bulls
Congratulations! You guessed the secret code.
?[1;31m
Start test 3?[0m
Input the length of the secret code:
> 6
Input the number of possible symbols in the code:
> 10
The secret code is prepared: ****** (0-9).
Okay, let's start a game!
Turn 1:
> 000000
Grade: 0 bull and 0 cow
Turn 2:
> 111111
Grade: 1 bull and 5 cows
Turn 3:
> 222222
Grade: 0 bull and 0 cow
Turn 4:
> 333333
Grade: 1 bull and 5 cows
Turn 5:
> 444444
Grade: 0 bull and 0 cow
Turn 6:
> 555555
Grade: 1 bull and 5 cows
Turn 7:
> 666666
Grade: 0 bull and 0 cow
Turn 8:
> 777777
Grade: 1 bull and 5 cows
Turn 9:
> 888888
Grade: 1 bull and 5 cows
Turn 10:
> 999999
Grade: 1 bull and 5 cows
Turn 11:
> 135789
Grade: 3 bulls and 3 cows
Turn 12:
> 315789
Grade: 2 bulls and 4 cows
Turn 13:
> 513789
Grade: 1 bull and 5 cows
Turn 14:
> 153789
Grade: 1 bull and 5 cows
Turn 15:
> 351789
Grade: 1 bull and 5 cows
Turn 16:
> 531789
Grade: 2 bulls and 4 cows
Turn 17:
> 731589
Grade: 2 bulls and 4 cows
Turn 18:
> 371589
Grade: 1 bull and 5 cows
Turn 19:
> 173589
Grade: 1 bull and 5 cows
Turn 20:
> 713589
Grade: 1 bull and 5 cows
Turn 21:
> 317589
Grade: 1 bull and 5 cows
Turn 22:
> 137589
Grade: 2 bulls and 4 cows
Turn 23:
> 157389
Grade: 1 bull and 5 cows
Turn 24:
> 517389
Grade: 1 bull and 5 cows
Turn 25:
> 715389
Grade: 2 bulls and 4 cows
Turn 26:
> 175389
Grade: 2 bulls and 4 cows
Turn 27:
> 571389
Grade: 1 bull and 5 cows
Turn 28:
> 751389
Grade: 1 bull and 5 cows
Turn 29:
> 753189
Grade: 2 bulls and 4 cows
Turn 30:
> 573189
Grade: 2 bulls and 4 cows
Turn 31:
> 375189
Grade: 3 bulls and 3 cows
Turn 32:
> 735189
Grade: 4 bulls and 2 cows
Turn 33:
> 537189
Grade: 3 bulls and 3 cows
Turn 34:
> 357189
Grade: 2 bulls and 4 cows
Turn 35:
> 857139
Grade: 1 bull and 5 cows
Turn 36:
> 587139
Grade: 1 bull and 5 cows
Turn 37:
> 785139
Grade: 2 bulls and 4 cows
Turn 38:
> 875139
Grade: 2 bulls and 4 cows
Turn 39:
> 578139
Grade: 1 bull and 5 cows
Turn 40:
> 758139
Grade: 1 bull and 5 cows
Turn 41:
> 158739
Grade: 0 bull and 6 cows
Turn 42:
> 518739
Grade: 0 bull and 6 cows
Turn 43:
> 815739
Grade: 1 bull and 5 cows
Turn 44:
> 185739
Grade: 1 bull and 5 cows
Turn 45:
> 581739
Grade: 0 bull and 6 cows
Turn 46:
> 851739
Grade: 0 bull and 6 cows
Turn 47:
> 871539
Grade: 0 bull and 6 cows
Turn 48:
> 781539
Grade: 0 bull and 6 cows
Turn 49:
> 187539
Grade: 0 bull and 6 cows
Turn 50:
> 817539
Grade: 0 bull and 6 cows
Turn 51:
> 718539
Grade: 0 bull and 6 cows
Turn 52:
> 178539
Grade: 0 bull and 6 cows
Turn 53:
> 175839
Grade: 1 bull and 5 cows
Turn 54:
> 715839
Grade: 1 bull and 5 cows
Turn 55:
> 517839
Grade: 0 bull and 6 cows
Turn 56:
> 157839
Grade: 0 bull and 6 cows
Turn 57:
> 751839
Grade: 0 bull and 6 cows
Turn 58:
> 571839
Grade: 0 bull and 6 cows
Turn 59:
> 371859
Grade: 0 bull and 6 cows
Turn 60:
> 731859
Grade: 1 bull and 5 cows
Turn 61:
> 137859
Grade: 1 bull and 5 cows
Turn 62:
> 317859
Grade: 0 bull and 6 cows
Turn 63:
> 713859
Grade: 0 bull and 6 cows
Turn 64:
> 173859
Grade: 0 bull and 6 cows
Turn 65:
> 873159
Grade: 1 bull and 5 cows
Turn 66:
> 783159
Grade: 1 bull and 5 cows
Turn 67:
> 387159
Grade: 1 bull and 5 cows
Turn 68:
> 837159
Grade: 2 bulls and 4 cows
Turn 69:
> 738159
Grade: 2 bulls and 4 cows
Turn 70:
> 378159
Grade: 1 bull and 5 cows
Turn 71:
> 318759
Grade: 0 bull and 6 cows
Turn 72:
> 138759
Grade: 1 bull and 5 cows
Turn 73:
> 831759
Grade: 1 bull and 5 cows
Turn 74:
> 381759
Grade: 0 bull and 6 cows
Turn 75:
> 183759
Grade: 0 bull and 6 cows
Turn 76:
> 813759
Grade: 0 bull and 6 cows
Turn 77:
> 817359
Grade: 0 bull and 6 cows
Turn 78:
> 187359
Grade: 0 bull and 6 cows
Turn 79:
> 781359
Grade: 0 bull and 6 cows
Turn 80:
> 871359
Grade: 0 bull and 6 cows
Turn 81:
> 178359
Grade: 0 bull and 6 cows
Turn 82:
> 718359
Grade: 0 bull and 6 cows
Turn 83:
> 518379
Grade: 0 bull and 6 cows
Turn 84:
> 158379
Grade: 0 bull and 6 cows
Turn 85:
> 851379
Grade: 0 bull and 6 cows
Turn 86:
> 581379
Grade: 0 bull and 6 cows
Turn 87:
> 185379
Grade: 1 bull and 5 cows
Turn 88:
> 815379
Grade: 1 bull and 5 cows
Turn 89:
> 315879
Grade: 1 bull and 5 cows
Turn 90:
> 135879
Grade: 2 bulls and 4 cows
Turn 91:
> 531879
Grade: 1 bull and 5 cows
Turn 92:
> 351879
Grade: 0 bull and 6 cows
Turn 93:
> 153879
Grade: 0 bull and 6 cows
Turn 94:
> 513879
Grade: 0 bull and 6 cows
Turn 95:
> 583179
Grade: 1 bull and 5 cows
Turn 96:
> 853179
Grade: 1 bull and 5 cows
Turn 97:
> 358179
Grade: 1 bull and 5 cows
Turn 98:
> 538179
Grade: 2 bulls and 4 cows
Turn 99:
> 835179
Grade: 3 bulls and 3 cows
Turn 100:
> 385179
Grade: 2 bulls and 4 cows
Turn 101:
> 381579
Grade: 0 bull and 6 cows
Turn 102:
> 831579
Grade: 1 bull and 5 cows
Turn 103:
> 138579
Grade: 1 bull and 5 cows
Turn 104:
> 318579
Grade: 0 bull and 6 cows
Turn 105:
> 813579
Grade: 0 bull and 6 cows
Turn 106:
> 183579
Grade: 0 bull and 6 cows
Turn 107:
> 783519
Grade: 0 bull and 6 cows
Turn 108:
> 873519
Grade: 0 bull and 6 cows
Turn 109:
> 378519
Grade: 0 bull and 6 cows
Turn 110:
> 738519
Grade: 1 bull and 5 cows
Turn 111:
> 837519
Grade: 1 bull and 5 cows
Turn 112:
> 387519
Grade: 0 bull and 6 cows
Turn 113:
> 587319
Grade: 0 bull and 6 cows
Turn 114:
> 857319
Grade: 0 bull and 6 cows
Turn 115:
> 758319
Grade: 0 bull and 6 cows
Turn 116:
> 578319
Grade: 0 bull and 6 cows
Turn 117:
> 875319
Grade: 1 bull and 5 cows
Turn 118:
> 785319
Grade: 1 bull and 5 cows
Turn 119:
> 735819
Grade: 2 bulls and 4 cows
Turn 120:
> 375819
Grade: 1 bull and 5 cows
Turn 121:
> 573819
Grade: 0 bull and 6 cows
Turn 122:
> 753819
Grade: 0 bull and 6 cows
Turn 123:
> 357819
Grade: 0 bull and 6 cows
Turn 124:
> 537819
Grade: 1 bull and 5 cows
Turn 125:
> 538719
Grade: 1 bull and 5 cows
Turn 126:
> 358719
Grade: 0 bull and 6 cows
Turn 127:
> 853719
Grade: 0 bull and 6 cows
Turn 128:
> 583719
Grade: 0 bull and 6 cows
Turn 129:
> 385719
Grade: 1 bull and 5 cows
Turn 130:
> 835719
Grade: 2 bulls and 4 cows
Turn 131:
> 935718
Grade: 3 bulls and 3 cows
Turn 132:
> 395718
Grade: 1 bull and 5 cows
Turn 133:
> 593718
Grade: 0 bull and 6 cows
Turn 134:
> 953718
Grade: 1 bull and 5 cows
Turn 135:
> 359718
Grade: 0 bull and 6 cows
Turn 136:
> 539718
Grade: 1 bull and 5 cows
Turn 137:
> 739518
Grade: 1 bull and 5 cows
Turn 138:
> 379518
Grade: 0 bull and 6 cows
Turn 139:
> 973518
Grade: 1 bull and 5 cows
Turn 140:
> 793518
Grade: 0 bull and 6 cows
Turn 141:
> 397518
Grade: 0 bull and 6 cows
Turn 142:
> 937518
Grade: 2 bulls and 4 cows
Turn 143:
> 957318
Grade: 1 bull and 5 cows
Turn 144:
> 597318
Grade: 0 bull and 6 cows
Turn 145:
> 795318
Grade: 1 bull and 5 cows
Turn 146:
> 975318
Grade: 2 bulls and 4 cows
Turn 147:
> 579318
Grade: 0 bull and 6 cows
Turn 148:
> 759318
Grade: 0 bull and 6 cows
Turn 149:
> 753918
Grade: 0 bull and 6 cows
Turn 150:
> 573918
Grade: 0 bull and 6 cows
Turn 151:
> 375918
Grade: 1 bull and 5 cows
Turn 152:
> 735918
Grade: 2 bulls and 4 cows
Turn 153:
> 537918
Grade: 1 bull and 5 cows
Turn 154:
> 357918
Grade: 0 bull and 6 cows
Turn 155:
> 157938
Grade: 0 bull and 6 cows
Turn 156:
> 517938
Grade: 0 bull and 6 cows
Turn 157:
> 715938
Grade: 1 bull and 5 cows
Turn 158:
> 175938
Grade: 1 bull and 5 cows
Turn 159:
> 571938
Grade: 0 bull and 6 cows
Turn 160:
> 751938
Grade: 0 bull and 6 cows
Turn 161:
> 951738
Grade: 1 bull and 5 cows
Turn 162:
> 591738
Grade: 0 bull and 6 cows
Turn 163:
> 195738
Grade: 1 bull and 5 cows
Turn 164:
> 915738
Grade: 2 bulls and 4 cows
Turn 165:
> 519738
Grade: 0 bull and 6 cows
Turn 166:
> 159738
Grade: 0 bull and 6 cows
Turn 167:
> 179538
Grade: 0 bull and 6 cows
Turn 168:
> 719538
Grade: 0 bull and 6 cows
Turn 169:
> 917538
Grade: 1 bull and 5 cows
Turn 170:
> 197538
Grade: 0 bull and 6 cows
Turn 171:
> 791538
Grade: 0 bull and 6 cows
Turn 172:
> 971538
Grade: 1 bull and 5 cows
Turn 173:
> 975138
Grade: 3 bulls and 3 cows
Turn 174:
> 795138
Grade: 2 bulls and 4 cows
Turn 175:
> 597138
Grade: 1 bull and 5 cows
Turn 176:
> 957138
Grade: 2 bulls and 4 cows
Turn 177:
> 759138
Grade: 1 bull and 5 cows
Turn 178:
> 579138
Grade: 1 bull and 5 cows
Turn 179:
> 379158
Grade: 1 bull and 5 cows
Turn 180:
> 739158
Grade: 2 bulls and 4 cows
Turn 181:
> 937158
Grade: 3 bulls and 3 cows
Turn 182:
> 397158
Grade: 1 bull and 5 cows
Turn 183:
> 793158
Grade: 1 bull and 5 cows
Turn 184:
> 973158
Grade: 2 bulls and 4 cows
Turn 185:
> 173958
Grade: 0 bull and 6 cows
Turn 186:
> 713958
Grade: 0 bull and 6 cows
Turn 187:
> 317958
Grade: 0 bull and 6 cows
Turn 188:
> 137958
Grade: 1 bull and 5 cows
Turn 189:
> 731958
Grade: 1 bull and 5 cows
Turn 190:
> 371958
Grade: 0 bull and 6 cows
Turn 191:
> 391758
Grade: 0 bull and 6 cows
Turn 192:
> 931758
Grade: 2 bulls and 4 cows
Turn 193:
> 139758
Grade: 1 bull and 5 cows
Turn 194:
> 319758
Grade: 0 bull and 6 cows
Turn 195:
> 913758
Grade: 1 bull and 5 cows
Turn 196:
> 193758
Grade: 0 bull and 6 cows
Turn 197:
> 197358
Grade: 0 bull and 6 cows
Turn 198:
> 917358
Grade: 1 bull and 5 cows
Turn 199:
> 719358
Grade: 0 bull and 6 cows
Turn 200:
> 179358
Grade: 0 bull and 6 cows
Turn 201:
> 971358
Grade: 1 bull and 5 cows
Turn 202:
> 791358
Grade: 0 bull and 6 cows
Turn 203:
> 591378
Grade: 0 bull and 6 cows
Turn 204:
> 951378
Grade: 1 bull and 5 cows
Turn 205:
> 159378
Grade: 0 bull and 6 cows
Turn 206:
> 519378
Grade: 0 bull and 6 cows
Turn 207:
> 915378
Grade: 2 bulls and 4 cows
Turn 208:
> 195378
Grade: 1 bull and 5 cows
Turn 209:
> 395178
Grade: 2 bulls and 4 cows
Turn 210:
> 935178
Grade: 4 bulls and 2 cows
Turn 211:
> 539178
Grade: 2 bulls and 4 cows
Turn 212:
> 359178
Grade: 1 bull and 5 cows
Turn 213:
> 953178
Grade: 2 bulls and 4 cows
Turn 214:
> 593178
Grade: 1 bull and 5 cows
Turn 215:
> 513978
Grade: 0 bull and 6 cows
Turn 216:
> 153978
Grade: 0 bull and 6 cows
Turn 217:
> 351978
Grade: 0 bull and 6 cows
Turn 218:
> 531978
Grade: 1 bull and 5 cows
Turn 219:
> 135978
Grade: 2 bulls and 4 cows
Turn 220:
> 315978
Grade: 1 bull and 5 cows
Turn 221:
> 319578
Grade: 0 bull and 6 cows
Turn 222:
> 139578
Grade: 1 bull and 5 cows
Turn 223:
> 931578
Grade: 2 bulls and 4 cows
Turn 224:
> 391578
Grade: 0 bull and 6 cows
Turn 225:
> 193578
Grade: 0 bull and 6 cows
Turn 226:
> 913578
Grade: 1 bull and 5 cows
Turn 227:
> 713598
Grade: 0 bull and 6 cows
Turn 228:
> 173598
Grade: 0 bull and 6 cows
Turn 229:
> 371598
Grade: 0 bull and 6 cows
Turn 230:
> 731598
Grade: 1 bull and 5 cows
Turn 231:
> 137598
Grade: 1 bull and 5 cows
Turn 232:
> 317598
Grade: 0 bull and 6 cows
Turn 233:
> 517398
Grade: 0 bull and 6 cows
Turn 234:
> 157398
Grade: 0 bull and 6 cows
Turn 235:
> 751398
Grade: 0 bull and 6 cows
Turn 236:
> 571398
Grade: 0 bull and 6 cows
Turn 237:
> 175398
Grade: 1 bull and 5 cows
Turn 238:
> 715398
Grade: 1 bull and 5 cows
Turn 239:
> 735198
Grade: 3 bulls and 3 cows
Turn 240:
> 375198
Grade: 2 bulls and 4 cows
Turn 241:
> 573198
Grade: 1 bull and 5 cows
Turn 242:
> 753198
Grade: 1 bull and 5 cows
Turn 243:
> 357198
Grade: 1 bull and 5 cows
Turn 244:
> 537198
Grade: 2 bulls and 4 cows
Turn 245:
> 531798
Grade: 1 bull and 5 cows
Turn 246:
> 351798
Grade: 0 bull and 6 cows
Turn 247:
> 153798
Grade: 0 bull and 6 cows
Turn 248:
> 513798
Grade: 0 bull and 6 cows
Turn 249:
> 315798
Grade: 1 bull and 5 cows
Turn 250:
> 135798
Grade: 2 bulls and 4 cows
Turn 251:
> 185793
Grade: 1 bull and 5 cows
Turn 252:
> 815793
Grade: 1 bull and 5 cows
Turn 253:
> 518793
Grade: 0 bull and 6 cows
Turn 254:
> 158793
Grade: 0 bull and 6 cows
Turn 255:
> 851793
Grade: 0 bull and 6 cows
Turn 256:
> 581793
Grade: 0 bull and 6 cows
Turn 257:
> 781593
Grade: 0 bull and 6 cows
Turn 258:
> 871593
Grade: 0 bull and 6 cows
Turn 259:
> 178593
Grade: 0 bull and 6 cows
Turn 260:
> 718593
Grade: 0 bull and 6 cows
Turn 261:
> 817593
Grade: 0 bull and 6 cows
Turn 262:
> 187593
Grade: 0 bull and 6 cows
Turn 263:
> 157893
Grade: 0 bull and 6 cows
Turn 264:
> 517893
Grade: 0 bull and 6 cows
Turn 265:
> 715893
Grade: 1 bull and 5 cows
Turn 266:
> 175893
Grade: 1 bull and 5 cows
Turn 267:
> 571893
Grade: 0 bull and 6 cows
Turn 268:
> 751893
Grade: 0 bull and 6 cows
Turn 269:
> 758193
Grade: 1 bull and 5 cows
Turn 270:
> 578193
Grade: 1 bull and 5 cows
Turn 271:
> 875193
Grade: 2 bulls and 4 cows
Turn 272:
> 785193
Grade: 2 bulls and 4 cows
Turn 273:
> 587193
Grade: 1 bull and 5 cows
Turn 274:
> 857193
Grade: 1 bull and 5 cows
Turn 275:
> 957183
Grade: 3 bulls and 3 cows
Turn 276:
> 597183
Grade: 2 bulls and 4 cows
Turn 277:
> 795183
Grade: 3 bulls and 3 cows
Turn 278:
> 975183
Grade: 4 bulls and 2 cows
Turn 279:
> 579183
Grade: 2 bulls and 4 cows
Turn 280:
> 759183
Grade: 2 bulls and 4 cows
Turn 281:
> 159783
Grade: 1 bull and 5 cows
Turn 282:
> 519783
Grade: 1 bull and 5 cows
Turn 283:
> 915783
Grade: 3 bulls and 3 cows
Turn 284:
> 195783
Grade: 2 bulls and 4 cows
Turn 285:
> 591783
Grade: 1 bull and 5 cows
Turn 286:
> 951783
Grade: 2 bulls and 4 cows
Turn 287:
> 971583
Grade: 2 bulls and 4 cows
Turn 288:
> 791583
Grade: 1 bull and 5 cows
Turn 289:
> 197583
Grade: 1 bull and 5 cows
Turn 290:
> 917583
Grade: 2 bulls and 4 cows
Turn 291:
> 719583
Grade: 1 bull and 5 cows
Turn 292:
> 179583
Grade: 1 bull and 5 cows
Turn 293:
> 175983
Grade: 2 bulls and 4 cows
Turn 294:
> 715983
Grade: 2 bulls and 4 cows
Turn 295:
> 517983
Grade: 1 bull and 5 cows
Turn 296:
> 157983
Grade: 1 bull and 5 cows
Turn 297:
> 751983
Grade: 1 bull and 5 cows
Turn 298:
> 571983
Grade: 1 bull and 5 cows
Turn 299:
> 871953
Grade: 0 bull and 6 cows
Turn 300:
> 781953
Grade: 0 bull and 6 cows
Turn 301:
> 187953
Grade: 0 bull and 6 cows
Turn 302:
> 817953
Grade: 0 bull and 6 cows
Turn 303:
> 718953
Grade: 0 bull and 6 cows
Turn 304:
> 178953
Grade: 0 bull and 6 cows
Turn 305:
> 978153
Grade: 2 bulls and 4 cows
Turn 306:
> 798153
Grade: 1 bull and 5 cows
Turn 307:
> 897153
Grade: 1 bull and 5 cows
Turn 308:
> 987153
Grade: 2 bulls and 4 cows
Turn 309:
> 789153
Grade: 1 bull and 5 cows
Turn 310:
> 879153
Grade: 1 bull and 5 cows
Turn 311:
> 819753
Grade: 0 bull and 6 cows
Turn 312:
> 189753
Grade: 0 bull and 6 cows
Turn 313:
> 981753
Grade: 1 bull and 5 cows
Turn 314:
> 891753
Grade: 0 bull and 6 cows
Turn 315:
> 198753
Grade: 0 bull and 6 cows
Turn 316:
> 918753
Grade: 1 bull and 5 cows
Turn 317:
> 917853
Grade: 1 bull and 5 cows
Turn 318:
> 197853
Grade: 0 bull and 6 cows
Turn 319:
> 791853
Grade: 0 bull and 6 cows
Turn 320:
> 971853
Grade: 1 bull and 5 cows
Turn 321:
> 179853
Grade: 0 bull and 6 cows
Turn 322:
> 719853
Grade: 0 bull and 6 cows
Turn 323:
> 519873
Grade: 0 bull and 6 cows
Turn 324:
> 159873
Grade: 0 bull and 6 cows
Turn 325:
> 951873
Grade: 1 bull and 5 cows
Turn 326:
> 591873
Grade: 0 bull and 6 cows
Turn 327:
> 195873
Grade: 1 bull and 5 cows
Turn 328:
> 915873
Grade: 2 bulls and 4 cows
Turn 329:
> 815973
Grade: 1 bull and 5 cows
Turn 330:
> 185973
Grade: 1 bull and 5 cows
Turn 331:
> 581973
Grade: 0 bull and 6 cows
Turn 332:
> 851973
Grade: 0 bull and 6 cows
Turn 333:
> 158973
Grade: 0 bull and 6 cows
Turn 334:
> 518973
Grade: 0 bull and 6 cows
Turn 335:
> 598173
Grade: 1 bull and 5 cows
Turn 336:
> 958173
Grade: 2 bulls and 4 cows
Turn 337:
> 859173
Grade: 1 bull and 5 cows
Turn 338:
> 589173
Grade: 1 bull and 5 cows
Turn 339:
> 985173
Grade: 3 bulls and 3 cows
Turn 340:
> 895173
Grade: 2 bulls and 4 cows
Turn 341:
> 891573
Grade: 0 bull and 6 cows
Turn 342:
> 981573
Grade: 1 bull and 5 cows
Turn 343:
> 189573
Grade: 0 bull and 6 cows
Turn 344:
> 819573
Grade: 0 bull and 6 cows
Turn 345:
> 918573
Grade: 1 bull and 5 cows
Turn 346:
> 198573
Grade: 0 bull and 6 cows
Turn 347:
> 798513
Grade: 0 bull and 6 cows
Turn 348:
> 978513
Grade: 1 bull and 5 cows
Turn 349:
> 879513
Grade: 0 bull and 6 cows
Turn 350:
> 789513
Grade: 0 bull and 6 cows
Turn 351:
> 987513
Grade: 1 bull and 5 cows
Turn 352:
> 897513
Grade: 0 bull and 6 cows
Turn 353:
> 597813
Grade: 0 bull and 6 cows
Turn 354:
> 957813
Grade: 1 bull and 5 cows
Turn 355:
> 759813
Grade: 0 bull and 6 cows
Turn 356:
> 579813
Grade: 0 bull and 6 cows
Turn 357:
> 975813
Grade: 2 bulls and 4 cows
Turn 358:
> 795813
Grade: 1 bull and 5 cows
Turn 359:
> 785913
Grade: 1 bull and 5 cows
Turn 360:
> 875913
Grade: 1 bull and 5 cows
Turn 361:
> 578913
Grade: 0 bull and 6 cows
Turn 362:
> 758913
Grade: 0 bull and 6 cows
Turn 363:
> 857913
Grade: 0 bull and 6 cows
Turn 364:
> 587913
Grade: 0 bull and 6 cows
Turn 365:
> 589713
Grade: 0 bull and 6 cows
Turn 366:
> 859713
Grade: 0 bull and 6 cows
Turn 367:
> 958713
Grade: 1 bull and 5 cows
Turn 368:
> 598713
Grade: 0 bull and 6 cows
Turn 369:
> 895713
Grade: 1 bull and 5 cows
Turn 370:
> 985713
Grade: 2 bulls and 4 cows
Turn 371:
> 983715
Grade: 1 bull and 5 cows
Turn 372:
> 893715
Grade: 0 bull and 6 cows
Turn 373:
> 398715
Grade: 0 bull and 6 cows
Turn 374:
> 938715
Grade: 2 bulls and 4 cows
Turn 375:
> 839715
Grade: 1 bull and 5 cows
Turn 376:
> 389715
Grade: 0 bull and 6 cows
Turn 377:
> 789315
Grade: 0 bull and 6 cows
Turn 378:
> 879315
Grade: 0 bull and 6 cows
Turn 379:
> 978315
Grade: 1 bull and 5 cows
Turn 380:
> 798315
Grade: 0 bull and 6 cows
Turn 381:
> 897315
Grade: 0 bull and 6 cows
Turn 382:
> 987315
Grade: 1 bull and 5 cows
Turn 383:
> 937815
Grade: 2 bulls and 4 cows
Turn 384:
> 397815
Grade: 0 bull and 6 cows
Turn 385:
> 793815
Grade: 0 bull and 6 cows
Turn 386:
> 973815
Grade: 1 bull and 5 cows
Turn 387:
> 379815
Grade: 0 bull and 6 cows
Turn 388:
> 739815
Grade: 1 bull and 5 cows
Turn 389:
> 738915
Grade: 1 bull and 5 cows
Turn 390:
> 378915
Grade: 0 bull and 6 cows
Turn 391:
> 873915
Grade: 0 bull and 6 cows
Turn 392:
> 783915
Grade: 0 bull and 6 cows
Turn 393:
> 387915
Grade: 0 bull and 6 cows
Turn 394:
> 837915
Grade: 1 bull and 5 cows
Turn 395:
> 137985
Grade: 2 bulls and 4 cows
Turn 396:
> 317985
Grade: 1 bull and 5 cows
Turn 397:
> 713985
Grade: 1 bull and 5 cows
Turn 398:
> 173985
Grade: 1 bull and 5 cows
Turn 399:
> 371985
Grade: 1 bull and 5 cows
Turn 400:
> 731985
Grade: 2 bulls and 4 cows
Turn 401:
> 931785
Grade: 3 bulls and 3 cows
Turn 402:
> 391785
Grade: 1 bull and 5 cows
Turn 403:
> 193785
Grade: 1 bull and 5 cows
Turn 404:
> 913785
Grade: 2 bulls and 4 cows
Turn 405:
> 319785
Grade: 1 bull and 5 cows
Turn 406:
> 139785
Grade: 2 bulls and 4 cows
Turn 407:
> 179385
Grade: 1 bull and 5 cows
Turn 408:
> 719385
Grade: 1 bull and 5 cows
Turn 409:
> 917385
Grade: 2 bulls and 4 cows
Turn 410:
> 197385
Grade: 1 bull and 5 cows
Turn 411:
> 791385
Grade: 1 bull and 5 cows
Turn 412:
> 971385
Grade: 2 bulls and 4 cows
Turn 413:
> 973185
Grade: 3 bulls and 3 cows
Turn 414:
> 793185
Grade: 2 bulls and 4 cows
Turn 415:
> 397185
Grade: 2 bulls and 4 cows
Turn 416:
> 937185
Grade: 4 bulls and 2 cows
Turn 417:
> 739185
Grade: 3 bulls and 3 cows
Turn 418:
> 379185
Grade: 2 bulls and 4 cows
Turn 419:
> 879135
Grade: 1 bull and 5 cows
Turn 420:
> 789135
Grade: 1 bull and 5 cows
Turn 421:
> 987135
Grade: 2 bulls and 4 cows
Turn 422:
> 897135
Grade: 1 bull and 5 cows
Turn 423:
> 798135
Grade: 1 bull and 5 cows
Turn 424:
> 978135
Grade: 2 bulls and 4 cows
Turn 425:
> 178935
Grade: 0 bull and 6 cows
Turn 426:
> 718935
Grade: 0 bull and 6 cows
Turn 427:
> 817935
Grade: 0 bull and 6 cows
Turn 428:
> 187935
Grade: 0 bull and 6 cows
Turn 429:
> 781935
Grade: 0 bull and 6 cows
Turn 430:
> 871935
Grade: 0 bull and 6 cows
Turn 431:
> 891735
Grade: 0 bull and 6 cows
Turn 432:
> 981735
Grade: 1 bull and 5 cows
Turn 433:
> 189735
Grade: 0 bull and 6 cows
Turn 434:
> 819735
Grade: 0 bull and 6 cows
Turn 435:
> 918735
Grade: 1 bull and 5 cows
Turn 436:
> 198735
Grade: 0 bull and 6 cows
Turn 437:
> 197835
Grade: 0 bull and 6 cows
Turn 438:
> 917835
Grade: 1 bull and 5 cows
Turn 439:
> 719835
Grade: 0 bull and 6 cows
Turn 440:
> 179835
Grade: 0 bull and 6 cows
Turn 441:
> 971835
Grade: 1 bull and 5 cows
Turn 442:
> 791835
Grade: 0 bull and 6 cows
Turn 443:
> 391875
Grade: 0 bull and 6 cows
Turn 444:
> 931875
Grade: 2 bulls and 4 cows
Turn 445:
> 139875
Grade: 1 bull and 5 cows
Turn 446:
> 319875
Grade: 0 bull and 6 cows
Turn 447:
> 913875
Grade: 1 bull and 5 cows
Turn 448:
> 193875
Grade: 0 bull and 6 cows
Turn 449:
> 893175
Grade: 1 bull and 5 cows
Turn 450:
> 983175
Grade: 2 bulls and 4 cows
Turn 451:
> 389175
Grade: 1 bull and 5 cows
Turn 452:
> 839175
Grade: 2 bulls and 4 cows
Turn 453:
> 938175
Grade: 3 bulls and 3 cows
Turn 454:
> 398175
Grade: 1 bull and 5 cows
Turn 455:
> 318975
Grade: 0 bull and 6 cows
Turn 456:
> 138975
Grade: 1 bull and 5 cows
Turn 457:
> 831975
Grade: 1 bull and 5 cows
Turn 458:
> 381975
Grade: 0 bull and 6 cows
Turn 459:
> 183975
Grade: 0 bull and 6 cows
Turn 460:
> 813975
Grade: 0 bull and 6 cows
Turn 461:
> 819375
Grade: 0 bull and 6 cows
Turn 462:
> 189375
Grade: 0 bull and 6 cows
Turn 463:
> 981375
Grade: 1 bull and 5 cows
Turn 464:
> 891375
Grade: 0 bull and 6 cows
Turn 465:
> 198375
Grade: 0 bull and 6 cows
Turn 466:
> 918375
Grade: 1 bull and 5 cows
Turn 467:
> 718395
Grade: 0 bull and 6 cows
Turn 468:
> 178395
Grade: 0 bull and 6 cows
Turn 469:
> 871395
Grade: 0 bull and 6 cows
Turn 470:
> 781395
Grade: 0 bull and 6 cows
Turn 471:
> 187395
Grade: 0 bull and 6 cows
Turn 472:
> 817395
Grade: 0 bull and 6 cows
Turn 473:
> 317895
Grade: 0 bull and 6 cows
Turn 474:
> 137895
Grade: 1 bull and 5 cows
Turn 475:
> 731895
Grade: 1 bull and 5 cows
Turn 476:
> 371895
Grade: 0 bull and 6 cows
Turn 477:
> 173895
Grade: 0 bull and 6 cows
Turn 478:
> 713895
Grade: 0 bull and 6 cows
Turn 479:
> 783195
Grade: 1 bull and 5 cows
Turn 480:
> 873195
Grade: 1 bull and 5 cows
Turn 481:
> 378195
Grade: 1 bull and 5 cows
Turn 482:
> 738195
Grade: 2 bulls and 4 cows
Turn 483:
> 837195
Grade: 2 bulls and 4 cows
Turn 484:
> 387195
Grade: 1 bull and 5 cows
Turn 485:
> 381795
Grade: 0 bull and 6 cows
Turn 486:
> 831795
Grade: 1 bull and 5 cows
Turn 487:
> 138795
Grade: 1 bull and 5 cows
Turn 488:
> 318795
Grade: 0 bull and 6 cows
Turn 489:
> 813795
Grade: 0 bull and 6 cows
Turn 490:
> 183795
Grade: 0 bull and 6 cows
Turn 491:
> 183597
Grade: 1 bull and 5 cows
Turn 492:
> 813597
Grade: 1 bull and 5 cows
Turn 493:
> 318597
Grade: 1 bull and 5 cows
Turn 494:
> 138597
Grade: 2 bulls and 4 cows
Turn 495:
> 831597
Grade: 2 bulls and 4 cows
Turn 496:
> 381597
Grade: 1 bull and 5 cows
Turn 497:
> 581397
Grade: 1 bull and 5 cows
Turn 498:
> 851397
Grade: 1 bull and 5 cows
Turn 499:
> 158397
Grade: 1 bull and 5 cows
Turn 500:
> 518397
Grade: 1 bull and 5 cows
Turn 501:
> 815397
Grade: 2 bulls and 4 cows
Turn 502:
> 185397
Grade: 2 bulls and 4 cows
Turn 503:
> 135897
Grade: 3 bulls and 3 cows
Turn 504:
> 315897
Grade: 2 bulls and 4 cows
Turn 505:
> 513897
Grade: 1 bull and 5 cows
Turn 506:
> 153897
Grade: 1 bull and 5 cows
Turn 507:
> 351897
Grade: 1 bull and 5 cows
Turn 508:
> 531897
Grade: 2 bulls and 4 cows
Turn 509:
> 538197
Grade: 3 bulls and 3 cows
Turn 510:
> 358197
Grade: 2 bulls and 4 cows
Turn 511:
> 853197
Grade: 2 bulls and 4 cows
Turn 512:
> 583197
Grade: 2 bulls and 4 cows
Turn 513:
> 385197
Grade: 3 bulls and 3 cows
Turn 514:
> 835197
Grade: 4 bulls and 2 cows
Turn 515:
> 935187
Grade: 6 bulls
Congratulations! You guessed the secret code.
?[1;31m
Start test 4?[0m
Input the length of the secret code:
> 4
Input the number of possible symbols in the code:
> 16
The secret code is prepared: **** (0-10, a-f).
Okay, let's start a game!
Turn 1:
> 0000
Grade: 0 bull and 0 cow
Turn 2:
> 1111
Grade: 1 bull and 3 cows
Turn 3:
> 2222
Grade: 1 bull and 3 cows
Turn 4:
> 3333
Grade: 0 bull and 0 cow
Turn 5:
> 4444
Grade: 1 bull and 3 cows
Turn 6:
> 5555
Grade: 0 bull and 0 cow
Turn 7:
> 6666
Grade: 1 bull and 3 cows
Turn 8:
> 1246
Grade: 2 bulls and 2 cows
Turn 9:
> 2146
Grade: 1 bull and 3 cows
Turn 10:
> 4126
Grade: 2 bulls and 2 cows
Turn 11:
> 1426
Grade: 1 bull and 3 cows
Turn 12:
> 2416
Grade: 2 bulls and 2 cows
Turn 13:
> 4216
Grade: 4 bulls
Congratulations! You guessed the secret code.
?[1;31m
Start test 5?[0m
Input the length of the secret code:
> 6
Input the number of possible symbols in the code:
> 36
The secret code is prepared: ****** (0-10, a-z).
Okay, let's start a game!
Turn 1:
> 000000
Grade: 0 bull and 0 cow
Turn 2:
> 111111
Grade: 0 bull and 0 cow
Turn 3:
> 222222
Grade: 1 bull and 5 cows
Turn 4:
> 333333
Grade: 0 bull and 0 cow
Turn 5:
> 444444
Grade: 0 bull and 0 cow
Turn 6:
> 555555
Grade: 0 bull and 0 cow
Turn 7:
> 666666
Grade: 0 bull and 0 cow
Turn 8:
> 777777
Grade: 0 bull and 0 cow
Turn 9:
> 888888
Grade: 0 bull and 0 cow
Turn 10:
> 999999
Grade: 0 bull and 0 cow
Turn 11:
> aaaaaa
Grade: 0 bull and 0 cow
Turn 12:
> bbbbbb
Grade: 0 bull and 0 cow
Turn 13:
> cccccc
Grade: 1 bull and 5 cows
Turn 14:
> dddddd
Grade: 0 bull and 0 cow
Turn 15:
> eeeeee
Grade: 0 bull and 0 cow
Turn 16:
> ffffff
Grade: 0 bull and 0 cow
Turn 17:
> gggggg
Grade: 1 bull and 5 cows
Turn 18:
> hhhhhh
Grade: 1 bull and 5 cows
Turn 19:
> iiiiii
Grade: 0 bull and 0 cow
Turn 20:
> jjjjjj
Grade: 0 bull and 0 cow
Turn 21:
> kkkkkk
Grade: 0 bull and 0 cow
Turn 22:
> llllll
Grade: 0 bull and 0 cow
Turn 23:
> mmmmmm
Grade: 0 bull and 0 cow
Turn 24:
> nnnnnn
Grade: 1 bull and 5 cows
Turn 25:
> oooooo
Grade: 0 bull and 0 cow
Turn 26:
> pppppp
Grade: 1 bull and 5 cows
Turn 27:
> 2cghnp
Grade: 1 bull and 5 cows
Turn 28:
> c2ghnp
Grade: 0 bull and 6 cows
Turn 29:
> g2chnp
Grade: 0 bull and 6 cows
Turn 30:
> 2gchnp
Grade: 2 bulls and 4 cows
Turn 31:
> cg2hnp
Grade: 1 bull and 5 cows
Turn 32:
> gc2hnp
Grade: 0 bull and 6 cows
Turn 33:
> hc2gnp
Grade: 0 bull and 6 cows
Turn 34:
> ch2gnp
Grade: 0 bull and 6 cows
Turn 35:
> 2hcgnp
Grade: 1 bull and 5 cows
Turn 36:
> h2cgnp
Grade: 0 bull and 6 cows
Turn 37:
> c2hgnp
Grade: 0 bull and 6 cows
Turn 38:
> 2chgnp
Grade: 1 bull and 5 cows
Turn 39:
> 2ghcnp
Grade: 3 bulls and 3 cows
Turn 40:
> g2hcnp
Grade: 1 bull and 5 cows
Turn 41:
> h2gcnp
Grade: 1 bull and 5 cows
Turn 42:
> 2hgcnp
Grade: 2 bulls and 4 cows
Turn 43:
> gh2cnp
Grade: 1 bull and 5 cows
Turn 44:
> hg2cnp
Grade: 2 bulls and 4 cows
Turn 45:
> hgc2np
Grade: 1 bull and 5 cows
Turn 46:
> ghc2np
Grade: 0 bull and 6 cows
Turn 47:
> chg2np
Grade: 0 bull and 6 cows
Turn 48:
> hcg2np
Grade: 0 bull and 6 cows
Turn 49:
> gch2np
Grade: 0 bull and 6 cows
Turn 50:
> cgh2np
Grade: 1 bull and 5 cows
Turn 51:
> ngh2cp
Grade: 1 bull and 5 cows
Turn 52:
> gnh2cp
Grade: 0 bull and 6 cows
Turn 53:
> hng2cp
Grade: 0 bull and 6 cows
Turn 54:
> nhg2cp
Grade: 0 bull and 6 cows
Turn 55:
> ghn2cp
Grade: 1 bull and 5 cows
Turn 56:
> hgn2cp
Grade: 2 bulls and 4 cows
Turn 57:
> 2gnhcp
Grade: 3 bulls and 3 cows
Turn 58:
> g2nhcp
Grade: 1 bull and 5 cows
Turn 59:
> n2ghcp
Grade: 0 bull and 6 cows
Turn 60:
> 2nghcp
Grade: 1 bull and 5 cows
Turn 61:
> gn2hcp
Grade: 0 bull and 6 cows
Turn 62:
> ng2hcp
Grade: 1 bull and 5 cows
Turn 63:
> nh2gcp
Grade: 0 bull and 6 cows
Turn 64:
> hn2gcp
Grade: 0 bull and 6 cows
Turn 65:
> 2nhgcp
Grade: 1 bull and 5 cows
Turn 66:
> n2hgcp
Grade: 0 bull and 6 cows
Turn 67:
> h2ngcp
Grade: 1 bull and 5 cows
Turn 68:
> 2hngcp
Grade: 2 bulls and 4 cows
Turn 69:
> 2hgncp
Grade: 1 bull and 5 cows
Turn 70:
> h2gncp
Grade: 0 bull and 6 cows
Turn 71:
> g2hncp
Grade: 0 bull and 6 cows
Turn 72:
> 2ghncp
Grade: 2 bulls and 4 cows
Turn 73:
> hg2ncp
Grade: 1 bull and 5 cows
Turn 74:
> gh2ncp
Grade: 0 bull and 6 cows
Turn 75:
> ch2ngp
Grade: 0 bull and 6 cows
Turn 76:
> hc2ngp
Grade: 0 bull and 6 cows
Turn 77:
> 2chngp
Grade: 1 bull and 5 cows
Turn 78:
> c2hngp
Grade: 0 bull and 6 cows
Turn 79:
> h2cngp
Grade: 0 bull and 6 cows
Turn 80:
> 2hcngp
Grade: 1 bull and 5 cows
Turn 81:
> nhc2gp
Grade: 0 bull and 6 cows
Turn 82:
> hnc2gp
Grade: 0 bull and 6 cows
Turn 83:
> cnh2gp
Grade: 0 bull and 6 cows
Turn 84:
> nch2gp
Grade: 0 bull and 6 cows
Turn 85:
> hcn2gp
Grade: 1 bull and 5 cows
Turn 86:
> chn2gp
Grade: 1 bull and 5 cows
Turn 87:
> c2nhgp
Grade: 1 bull and 5 cows
Turn 88:
> 2cnhgp
Grade: 2 bulls and 4 cows
Turn 89:
> nc2hgp
Grade: 0 bull and 6 cows
Turn 90:
> cn2hgp
Grade: 0 bull and 6 cows
Turn 91:
> 2nchgp
Grade: 1 bull and 5 cows
Turn 92:
> n2chgp
Grade: 0 bull and 6 cows
Turn 93:
> n2hcgp
Grade: 1 bull and 5 cows
Turn 94:
> 2nhcgp
Grade: 2 bulls and 4 cows
Turn 95:
> hn2cgp
Grade: 1 bull and 5 cows
Turn 96:
> nh2cgp
Grade: 1 bull and 5 cows
Turn 97:
> 2hncgp
Grade: 3 bulls and 3 cows
Turn 98:
> h2ncgp
Grade: 2 bulls and 4 cows
Turn 99:
> g2nchp
Grade: 2 bulls and 4 cows
Turn 100:
> 2gnchp
Grade: 4 bulls and 2 cows
Turn 101:
> ng2chp
Grade: 2 bulls and 4 cows
Turn 102:
> gn2chp
Grade: 1 bull and 5 cows
Turn 103:
> 2ngchp
Grade: 2 bulls and 4 cows
Turn 104:
> n2gchp
Grade: 1 bull and 5 cows
Turn 105:
> c2gnhp
Grade: 0 bull and 6 cows
Turn 106:
> 2cgnhp
Grade: 1 bull and 5 cows
Turn 107:
> gc2nhp
Grade: 0 bull and 6 cows
Turn 108:
> cg2nhp
Grade: 1 bull and 5 cows
Turn 109:
> 2gcnhp
Grade: 2 bulls and 4 cows
Turn 110:
> g2cnhp
Grade: 0 bull and 6 cows
Turn 111:
> gnc2hp
Grade: 0 bull and 6 cows
Turn 112:
> ngc2hp
Grade: 1 bull and 5 cows
Turn 113:
> cgn2hp
Grade: 2 bulls and 4 cows
Turn 114:
> gcn2hp
Grade: 1 bull and 5 cows
Turn 115:
> ncg2hp
Grade: 0 bull and 6 cows
Turn 116:
> cng2hp
Grade: 0 bull and 6 cows
Turn 117:
> cn2ghp
Grade: 0 bull and 6 cows
Turn 118:
> nc2ghp
Grade: 0 bull and 6 cows
Turn 119:
> 2cnghp
Grade: 2 bulls and 4 cows
Turn 120:
> c2nghp
Grade: 1 bull and 5 cows
Turn 121:
> n2cghp
Grade: 0 bull and 6 cows
Turn 122:
> 2ncghp
Grade: 1 bull and 5 cows
Turn 123:
> hncg2p
Grade: 0 bull and 6 cows
Turn 124:
> nhcg2p
Grade: 0 bull and 6 cows
Turn 125:
> chng2p
Grade: 1 bull and 5 cows
Turn 126:
> hcng2p
Grade: 1 bull and 5 cows
Turn 127:
> nchg2p
Grade: 0 bull and 6 cows
Turn 128:
> cnhg2p
Grade: 0 bull and 6 cows
Turn 129:
> gnhc2p
Grade: 1 bull and 5 cows
Turn 130:
> nghc2p
Grade: 2 bulls and 4 cows
Turn 131:
> hgnc2p
Grade: 3 bulls and 3 cows
Turn 132:
> ghnc2p
Grade: 2 bulls and 4 cows
Turn 133:
> nhgc2p
Grade: 1 bull and 5 cows
Turn 134:
> hngc2p
Grade: 1 bull and 5 cows
Turn 135:
> hcgn2p
Grade: 0 bull and 6 cows
Turn 136:
> chgn2p
Grade: 0 bull and 6 cows
Turn 137:
> ghcn2p
Grade: 0 bull and 6 cows
Turn 138:
> hgcn2p
Grade: 1 bull and 5 cows
Turn 139:
> cghn2p
Grade: 1 bull and 5 cows
Turn 140:
> gchn2p
Grade: 0 bull and 6 cows
Turn 141:
> gcnh2p
Grade: 1 bull and 5 cows
Turn 142:
> cgnh2p
Grade: 2 bulls and 4 cows
Turn 143:
> ngch2p
Grade: 1 bull and 5 cows
Turn 144:
> gnch2p
Grade: 0 bull and 6 cows
Turn 145:
> cngh2p
Grade: 0 bull and 6 cows
Turn 146:
> ncgh2p
Grade: 0 bull and 6 cows
Turn 147:
> pcgh2n
Grade: 0 bull and 6 cows
Turn 148:
> cpgh2n
Grade: 0 bull and 6 cows
Turn 149:
> gpch2n
Grade: 0 bull and 6 cows
Turn 150:
> pgch2n
Grade: 1 bull and 5 cows
Turn 151:
> cgph2n
Grade: 1 bull and 5 cows
Turn 152:
> gcph2n
Grade: 0 bull and 6 cows
Turn 153:
> hcpg2n
Grade: 0 bull and 6 cows
Turn 154:
> chpg2n
Grade: 0 bull and 6 cows
Turn 155:
> phcg2n
Grade: 0 bull and 6 cows
Turn 156:
> hpcg2n
Grade: 0 bull and 6 cows
Turn 157:
> cphg2n
Grade: 0 bull and 6 cows
Turn 158:
> pchg2n
Grade: 0 bull and 6 cows
Turn 159:
> pghc2n
Grade: 2 bulls and 4 cows
Turn 160:
> gphc2n
Grade: 1 bull and 5 cows
Turn 161:
> hpgc2n
Grade: 1 bull and 5 cows
Turn 162:
> phgc2n
Grade: 1 bull and 5 cows
Turn 163:
> ghpc2n
Grade: 1 bull and 5 cows
Turn 164:
> hgpc2n
Grade: 2 bulls and 4 cows
Turn 165:
> hgcp2n
Grade: 1 bull and 5 cows
Turn 166:
> ghcp2n
Grade: 0 bull and 6 cows
Turn 167:
> chgp2n
Grade: 0 bull and 6 cows
Turn 168:
> hcgp2n
Grade: 0 bull and 6 cows
Turn 169:
> gchp2n
Grade: 0 bull and 6 cows
Turn 170:
> cghp2n
Grade: 1 bull and 5 cows
Turn 171:
> 2ghpcn
Grade: 2 bulls and 4 cows
Turn 172:
> g2hpcn
Grade: 0 bull and 6 cows
Turn 173:
> h2gpcn
Grade: 0 bull and 6 cows
Turn 174:
> 2hgpcn
Grade: 1 bull and 5 cows
Turn 175:
> gh2pcn
Grade: 0 bull and 6 cows
Turn 176:
> hg2pcn
Grade: 1 bull and 5 cows
Turn 177:
> pg2hcn
Grade: 1 bull and 5 cows
Turn 178:
> gp2hcn
Grade: 0 bull and 6 cows
Turn 179:
> 2pghcn
Grade: 1 bull and 5 cows
Turn 180:
> p2ghcn
Grade: 0 bull and 6 cows
Turn 181:
> g2phcn
Grade: 0 bull and 6 cows
Turn 182:
> 2gphcn
Grade: 2 bulls and 4 cows
Turn 183:
> 2hpgcn
Grade: 1 bull and 5 cows
Turn 184:
> h2pgcn
Grade: 0 bull and 6 cows
Turn 185:
> p2hgcn
Grade: 0 bull and 6 cows
Turn 186:
> 2phgcn
Grade: 1 bull and 5 cows
Turn 187:
> hp2gcn
Grade: 0 bull and 6 cows
Turn 188:
> ph2gcn
Grade: 0 bull and 6 cows
Turn 189:
> phg2cn
Grade: 0 bull and 6 cows
Turn 190:
> hpg2cn
Grade: 0 bull and 6 cows
Turn 191:
> gph2cn
Grade: 0 bull and 6 cows
Turn 192:
> pgh2cn
Grade: 1 bull and 5 cows
Turn 193:
> hgp2cn
Grade: 1 bull and 5 cows
Turn 194:
> ghp2cn
Grade: 0 bull and 6 cows
Turn 195:
> chp2gn
Grade: 0 bull and 6 cows
Turn 196:
> hcp2gn
Grade: 0 bull and 6 cows
Turn 197:
> pch2gn
Grade: 0 bull and 6 cows
Turn 198:
> cph2gn
Grade: 0 bull and 6 cows
Turn 199:
> hpc2gn
Grade: 0 bull and 6 cows
Turn 200:
> phc2gn
Grade: 0 bull and 6 cows
Turn 201:
> 2hcpgn
Grade: 1 bull and 5 cows
Turn 202:
> h2cpgn
Grade: 0 bull and 6 cows
Turn 203:
> c2hpgn
Grade: 0 bull and 6 cows
Turn 204:
> 2chpgn
Grade: 1 bull and 5 cows
Turn 205:
> hc2pgn
Grade: 0 bull and 6 cows
Turn 206:
> ch2pgn
Grade: 0 bull and 6 cows
Turn 207:
> cp2hgn
Grade: 0 bull and 6 cows
Turn 208:
> pc2hgn
Grade: 0 bull and 6 cows
Turn 209:
> 2cphgn
Grade: 1 bull and 5 cows
Turn 210:
> c2phgn
Grade: 0 bull and 6 cows
Turn 211:
> p2chgn
Grade: 0 bull and 6 cows
Turn 212:
> 2pchgn
Grade: 1 bull and 5 cows
Turn 213:
> 2phcgn
Grade: 2 bulls and 4 cows
Turn 214:
> p2hcgn
Grade: 1 bull and 5 cows
Turn 215:
> h2pcgn
Grade: 1 bull and 5 cows
Turn 216:
> 2hpcgn
Grade: 2 bulls and 4 cows
Turn 217:
> ph2cgn
Grade: 1 bull and 5 cows
Turn 218:
> hp2cgn
Grade: 1 bull and 5 cows
Turn 219:
> gp2chn
Grade: 1 bull and 5 cows
Turn 220:
> pg2chn
Grade: 2 bulls and 4 cows
Turn 221:
> 2gpchn
Grade: 3 bulls and 3 cows
Turn 222:
> g2pchn
Grade: 1 bull and 5 cows
Turn 223:
> p2gchn
Grade: 1 bull and 5 cows
Turn 224:
> 2pgchn
Grade: 2 bulls and 4 cows
Turn 225:
> cpg2hn
Grade: 0 bull and 6 cows
Turn 226:
> pcg2hn
Grade: 0 bull and 6 cows
Turn 227:
> gcp2hn
Grade: 0 bull and 6 cows
Turn 228:
> cgp2hn
Grade: 1 bull and 5 cows
Turn 229:
> pgc2hn
Grade: 1 bull and 5 cows
Turn 230:
> gpc2hn
Grade: 0 bull and 6 cows
Turn 231:
> g2cphn
Grade: 0 bull and 6 cows
Turn 232:
> 2gcphn
Grade: 2 bulls and 4 cows
Turn 233:
> cg2phn
Grade: 1 bull and 5 cows
Turn 234:
> gc2phn
Grade: 0 bull and 6 cows
Turn 235:
> 2cgphn
Grade: 1 bull and 5 cows
Turn 236:
> c2gphn
Grade: 0 bull and 6 cows
Turn 237:
> c2pghn
Grade: 0 bull and 6 cows
Turn 238:
> 2cpghn
Grade: 1 bull and 5 cows
Turn 239:
> pc2ghn
Grade: 0 bull and 6 cows
Turn 240:
> cp2ghn
Grade: 0 bull and 6 cows
Turn 241:
> 2pcghn
Grade: 1 bull and 5 cows
Turn 242:
> p2cghn
Grade: 0 bull and 6 cows
Turn 243:
> h2cgpn
Grade: 1 bull and 5 cows
Turn 244:
> 2hcgpn
Grade: 2 bulls and 4 cows
Turn 245:
> ch2gpn
Grade: 1 bull and 5 cows
Turn 246:
> hc2gpn
Grade: 1 bull and 5 cows
Turn 247:
> 2chgpn
Grade: 2 bulls and 4 cows
Turn 248:
> c2hgpn
Grade: 1 bull and 5 cows
Turn 249:
> g2hcpn
Grade: 2 bulls and 4 cows
Turn 250:
> 2ghcpn
Grade: 4 bulls and 2 cows
Turn 251:
> hg2cpn
Grade: 3 bulls and 3 cows
Turn 252:
> gh2cpn
Grade: 2 bulls and 4 cows
Turn 253:
> 2hgcpn
Grade: 3 bulls and 3 cows
Turn 254:
> h2gcpn
Grade: 2 bulls and 4 cows
Turn 255:
> hcg2pn
Grade: 1 bull and 5 cows
Turn 256:
> chg2pn
Grade: 1 bull and 5 cows
Turn 257:
> ghc2pn
Grade: 1 bull and 5 cows
Turn 258:
> hgc2pn
Grade: 2 bulls and 4 cows
Turn 259:
> cgh2pn
Grade: 2 bulls and 4 cows
Turn 260:
> gch2pn
Grade: 1 bull and 5 cows
Turn 261:
> gc2hpn
Grade: 1 bull and 5 cows
Turn 262:
> cg2hpn
Grade: 2 bulls and 4 cows
Turn 263:
> 2gchpn
Grade: 3 bulls and 3 cows
Turn 264:
> g2chpn
Grade: 1 bull and 5 cows
Turn 265:
> c2ghpn
Grade: 1 bull and 5 cows
Turn 266:
> 2cghpn
Grade: 2 bulls and 4 cows
Turn 267:
> 2nghpc
Grade: 2 bulls and 4 cows
Turn 268:
> n2ghpc
Grade: 1 bull and 5 cows
Turn 269:
> g2nhpc
Grade: 2 bulls and 4 cows
Turn 270:
> 2gnhpc
Grade: 4 bulls and 2 cows
Turn 271:
> ng2hpc
Grade: 2 bulls and 4 cows
Turn 272:
> gn2hpc
Grade: 1 bull and 5 cows
Turn 273:
> hn2gpc
Grade: 1 bull and 5 cows
Turn 274:
> nh2gpc
Grade: 1 bull and 5 cows
Turn 275:
> 2hngpc
Grade: 3 bulls and 3 cows
Turn 276:
> h2ngpc
Grade: 2 bulls and 4 cows
Turn 277:
> n2hgpc
Grade: 1 bull and 5 cows
Turn 278:
> 2nhgpc
Grade: 2 bulls and 4 cows
Turn 279:
> 2ghnpc
Grade: 3 bulls and 3 cows
Turn 280:
> g2hnpc
Grade: 1 bull and 5 cows
Turn 281:
> h2gnpc
Grade: 1 bull and 5 cows
Turn 282:
> 2hgnpc
Grade: 2 bulls and 4 cows
Turn 283:
> gh2npc
Grade: 1 bull and 5 cows
Turn 284:
> hg2npc
Grade: 2 bulls and 4 cows
Turn 285:
> hgn2pc
Grade: 3 bulls and 3 cows
Turn 286:
> ghn2pc
Grade: 2 bulls and 4 cows
Turn 287:
> nhg2pc
Grade: 1 bull and 5 cows
Turn 288:
> hng2pc
Grade: 1 bull and 5 cows
Turn 289:
> gnh2pc
Grade: 1 bull and 5 cows
Turn 290:
> ngh2pc
Grade: 2 bulls and 4 cows
Turn 291:
> pgh2nc
Grade: 1 bull and 5 cows
Turn 292:
> gph2nc
Grade: 0 bull and 6 cows
Turn 293:
> hpg2nc
Grade: 0 bull and 6 cows
Turn 294:
> phg2nc
Grade: 0 bull and 6 cows
Turn 295:
> ghp2nc
Grade: 0 bull and 6 cows
Turn 296:
> hgp2nc
Grade: 1 bull and 5 cows
Turn 297:
> 2gphnc
Grade: 2 bulls and 4 cows
Turn 298:
> g2phnc
Grade: 0 bull and 6 cows
Turn 299:
> p2ghnc
Grade: 0 bull and 6 cows
Turn 300:
> 2pghnc
Grade: 1 bull and 5 cows
Turn 301:
> gp2hnc
Grade: 0 bull and 6 cows
Turn 302:
> pg2hnc
Grade: 1 bull and 5 cows
Turn 303:
> ph2gnc
Grade: 0 bull and 6 cows
Turn 304:
> hp2gnc
Grade: 0 bull and 6 cows
Turn 305:
> 2phgnc
Grade: 1 bull and 5 cows
Turn 306:
> p2hgnc
Grade: 0 bull and 6 cows
Turn 307:
> h2pgnc
Grade: 0 bull and 6 cows
Turn 308:
> 2hpgnc
Grade: 1 bull and 5 cows
Turn 309:
> 2hgpnc
Grade: 1 bull and 5 cows
Turn 310:
> h2gpnc
Grade: 0 bull and 6 cows
Turn 311:
> g2hpnc
Grade: 0 bull and 6 cows
Turn 312:
> 2ghpnc
Grade: 2 bulls and 4 cows
Turn 313:
> hg2pnc
Grade: 1 bull and 5 cows
Turn 314:
> gh2pnc
Grade: 0 bull and 6 cows
Turn 315:
> nh2pgc
Grade: 0 bull and 6 cows
Turn 316:
> hn2pgc
Grade: 0 bull and 6 cows
Turn 317:
> 2nhpgc
Grade: 1 bull and 5 cows
Turn 318:
> n2hpgc
Grade: 0 bull and 6 cows
Turn 319:
> h2npgc
Grade: 1 bull and 5 cows
Turn 320:
> 2hnpgc
Grade: 2 bulls and 4 cows
Turn 321:
> phn2gc
Grade: 1 bull and 5 cows
Turn 322:
> hpn2gc
Grade: 1 bull and 5 cows
Turn 323:
> nph2gc
Grade: 0 bull and 6 cows
Turn 324:
> pnh2gc
Grade: 0 bull and 6 cows
Turn 325:
> hnp2gc
Grade: 0 bull and 6 cows
Turn 326:
> nhp2gc
Grade: 0 bull and 6 cows
Turn 327:
> n2phgc
Grade: 0 bull and 6 cows
Turn 328:
> 2nphgc
Grade: 1 bull and 5 cows
Turn 329:
> pn2hgc
Grade: 0 bull and 6 cows
Turn 330:
> np2hgc
Grade: 0 bull and 6 cows
Turn 331:
> 2pnhgc
Grade: 2 bulls and 4 cows
Turn 332:
> p2nhgc
Grade: 1 bull and 5 cows
Turn 333:
> p2hngc
Grade: 0 bull and 6 cows
Turn 334:
> 2phngc
Grade: 1 bull and 5 cows
Turn 335:
> hp2ngc
Grade: 0 bull and 6 cows
Turn 336:
> ph2ngc
Grade: 0 bull and 6 cows
Turn 337:
> 2hpngc
Grade: 1 bull and 5 cows
Turn 338:
> h2pngc
Grade: 0 bull and 6 cows
Turn 339:
> g2pnhc
Grade: 0 bull and 6 cows
Turn 340:
> 2gpnhc
Grade: 2 bulls and 4 cows
Turn 341:
> pg2nhc
Grade: 1 bull and 5 cows
Turn 342:
> gp2nhc
Grade: 0 bull and 6 cows
Turn 343:
> 2pgnhc
Grade: 1 bull and 5 cows
Turn 344:
> p2gnhc
Grade: 0 bull and 6 cows
Turn 345:
> n2gphc
Grade: 0 bull and 6 cows
Turn 346:
> 2ngphc
Grade: 1 bull and 5 cows
Turn 347:
> gn2phc
Grade: 0 bull and 6 cows
Turn 348:
> ng2phc
Grade: 1 bull and 5 cows
Turn 349:
> 2gnphc
Grade: 3 bulls and 3 cows
Turn 350:
> g2nphc
Grade: 1 bull and 5 cows
Turn 351:
> gpn2hc
Grade: 1 bull and 5 cows
Turn 352:
> pgn2hc
Grade: 2 bulls and 4 cows
Turn 353:
> ngp2hc
Grade: 1 bull and 5 cows
Turn 354:
> gnp2hc
Grade: 0 bull and 6 cows
Turn 355:
> png2hc
Grade: 0 bull and 6 cows
Turn 356:
> npg2hc
Grade: 0 bull and 6 cows
Turn 357:
> np2ghc
Grade: 0 bull and 6 cows
Turn 358:
> pn2ghc
Grade: 0 bull and 6 cows
Turn 359:
> 2npghc
Grade: 1 bull and 5 cows
Turn 360:
> n2pghc
Grade: 0 bull and 6 cows
Turn 361:
> p2nghc
Grade: 1 bull and 5 cows
Turn 362:
> 2pnghc
Grade: 2 bulls and 4 cows
Turn 363:
> hpng2c
Grade: 1 bull and 5 cows
Turn 364:
> phng2c
Grade: 1 bull and 5 cows
Turn 365:
> nhpg2c
Grade: 0 bull and 6 cows
Turn 366:
> hnpg2c
Grade: 0 bull and 6 cows
Turn 367:
> pnhg2c
Grade: 0 bull and 6 cows
Turn 368:
> nphg2c
Grade: 0 bull and 6 cows
Turn 369:
> gphn2c
Grade: 0 bull and 6 cows
Turn 370:
> pghn2c
Grade: 1 bull and 5 cows
Turn 371:
> hgpn2c
Grade: 1 bull and 5 cows
Turn 372:
> ghpn2c
Grade: 0 bull and 6 cows
Turn 373:
> phgn2c
Grade: 0 bull and 6 cows
Turn 374:
> hpgn2c
Grade: 0 bull and 6 cows
Turn 375:
> hngp2c
Grade: 0 bull and 6 cows
Turn 376:
> nhgp2c
Grade: 0 bull and 6 cows
Turn 377:
> ghnp2c
Grade: 1 bull and 5 cows
Turn 378:
> hgnp2c
Grade: 2 bulls and 4 cows
Turn 379:
> nghp2c
Grade: 1 bull and 5 cows
Turn 380:
> gnhp2c
Grade: 0 bull and 6 cows
Turn 381:
> gnph2c
Grade: 0 bull and 6 cows
Turn 382:
> ngph2c
Grade: 1 bull and 5 cows
Turn 383:
> pgnh2c
Grade: 2 bulls and 4 cows
Turn 384:
> gpnh2c
Grade: 1 bull and 5 cows
Turn 385:
> npgh2c
Grade: 0 bull and 6 cows
Turn 386:
> pngh2c
Grade: 0 bull and 6 cows
Turn 387:
> pnch2g
Grade: 0 bull and 6 cows
Turn 388:
> npch2g
Grade: 0 bull and 6 cows
Turn 389:
> cpnh2g
Grade: 1 bull and 5 cows
Turn 390:
> pcnh2g
Grade: 1 bull and 5 cows
Turn 391:
> ncph2g
Grade: 0 bull and 6 cows
Turn 392:
> cnph2g
Grade: 0 bull and 6 cows
Turn 393:
> hnpc2g
Grade: 1 bull and 5 cows
Turn 394:
> nhpc2g
Grade: 1 bull and 5 cows
Turn 395:
> phnc2g
Grade: 2 bulls and 4 cows
Turn 396:
> hpnc2g
Grade: 2 bulls and 4 cows
Turn 397:
> nphc2g
Grade: 1 bull and 5 cows
Turn 398:
> pnhc2g
Grade: 1 bull and 5 cows
Turn 399:
> pchn2g
Grade: 0 bull and 6 cows
Turn 400:
> cphn2g
Grade: 0 bull and 6 cows
Turn 401:
> hpcn2g
Grade: 0 bull and 6 cows
Turn 402:
> phcn2g
Grade: 0 bull and 6 cows
Turn 403:
> chpn2g
Grade: 0 bull and 6 cows
Turn 404:
> hcpn2g
Grade: 0 bull and 6 cows
Turn 405:
> hcnp2g
Grade: 1 bull and 5 cows
Turn 406:
> chnp2g
Grade: 1 bull and 5 cows
Turn 407:
> nhcp2g
Grade: 0 bull and 6 cows
Turn 408:
> hncp2g
Grade: 0 bull and 6 cows
Turn 409:
> cnhp2g
Grade: 0 bull and 6 cows
Turn 410:
> nchp2g
Grade: 0 bull and 6 cows
Turn 411:
> 2chpng
Grade: 1 bull and 5 cows
Turn 412:
> c2hpng
Grade: 0 bull and 6 cows
Turn 413:
> h2cpng
Grade: 0 bull and 6 cows
Turn 414:
> 2hcpng
Grade: 1 bull and 5 cows
Turn 415:
> ch2png
Grade: 0 bull and 6 cows
Turn 416:
> hc2png
Grade: 0 bull and 6 cows
Turn 417:
> pc2hng
Grade: 0 bull and 6 cows
Turn 418:
> cp2hng
Grade: 0 bull and 6 cows
Turn 419:
> 2pchng
Grade: 1 bull and 5 cows
Turn 420:
> p2chng
Grade: 0 bull and 6 cows
Turn 421:
> c2phng
Grade: 0 bull and 6 cows
Turn 422:
> 2cphng
Grade: 1 bull and 5 cows
Turn 423:
> 2hpcng
Grade: 2 bulls and 4 cows
Turn 424:
> h2pcng
Grade: 1 bull and 5 cows
Turn 425:
> p2hcng
Grade: 1 bull and 5 cows
Turn 426:
> 2phcng
Grade: 2 bulls and 4 cows
Turn 427:
> hp2cng
Grade: 1 bull and 5 cows
Turn 428:
> ph2cng
Grade: 1 bull and 5 cows
Turn 429:
> phc2ng
Grade: 0 bull and 6 cows
Turn 430:
> hpc2ng
Grade: 0 bull and 6 cows
Turn 431:
> cph2ng
Grade: 0 bull and 6 cows
Turn 432:
> pch2ng
Grade: 0 bull and 6 cows
Turn 433:
> hcp2ng
Grade: 0 bull and 6 cows
Turn 434:
> chp2ng
Grade: 0 bull and 6 cows
Turn 435:
> nhp2cg
Grade: 0 bull and 6 cows
Turn 436:
> hnp2cg
Grade: 0 bull and 6 cows
Turn 437:
> pnh2cg
Grade: 0 bull and 6 cows
Turn 438:
> nph2cg
Grade: 0 bull and 6 cows
Turn 439:
> hpn2cg
Grade: 1 bull and 5 cows
Turn 440:
> phn2cg
Grade: 1 bull and 5 cows
Turn 441:
> 2hnpcg
Grade: 2 bulls and 4 cows
Turn 442:
> h2npcg
Grade: 1 bull and 5 cows
Turn 443:
> n2hpcg
Grade: 0 bull and 6 cows
Turn 444:
> 2nhpcg
Grade: 1 bull and 5 cows
Turn 445:
> hn2pcg
Grade: 0 bull and 6 cows
Turn 446:
> nh2pcg
Grade: 0 bull and 6 cows
Turn 447:
> np2hcg
Grade: 0 bull and 6 cows
Turn 448:
> pn2hcg
Grade: 0 bull and 6 cows
Turn 449:
> 2nphcg
Grade: 1 bull and 5 cows
Turn 450:
> n2phcg
Grade: 0 bull and 6 cows
Turn 451:
> p2nhcg
Grade: 1 bull and 5 cows
Turn 452:
> 2pnhcg
Grade: 2 bulls and 4 cows
Turn 453:
> 2phncg
Grade: 1 bull and 5 cows
Turn 454:
> p2hncg
Grade: 0 bull and 6 cows
Turn 455:
> h2pncg
Grade: 0 bull and 6 cows
Turn 456:
> 2hpncg
Grade: 1 bull and 5 cows
Turn 457:
> ph2ncg
Grade: 0 bull and 6 cows
Turn 458:
> hp2ncg
Grade: 0 bull and 6 cows
Turn 459:
> cp2nhg
Grade: 0 bull and 6 cows
Turn 460:
> pc2nhg
Grade: 0 bull and 6 cows
Turn 461:
> 2cpnhg
Grade: 1 bull and 5 cows
Turn 462:
> c2pnhg
Grade: 0 bull and 6 cows
Turn 463:
> p2cnhg
Grade: 0 bull and 6 cows
Turn 464:
> 2pcnhg
Grade: 1 bull and 5 cows
Turn 465:
> npc2hg
Grade: 0 bull and 6 cows
Turn 466:
> pnc2hg
Grade: 0 bull and 6 cows
Turn 467:
> cnp2hg
Grade: 0 bull and 6 cows
Turn 468:
> ncp2hg
Grade: 0 bull and 6 cows
Turn 469:
> pcn2hg
Grade: 1 bull and 5 cows
Turn 470:
> cpn2hg
Grade: 1 bull and 5 cows
Turn 471:
> c2nphg
Grade: 1 bull and 5 cows
Turn 472:
> 2cnphg
Grade: 2 bulls and 4 cows
Turn 473:
> nc2phg
Grade: 0 bull and 6 cows
Turn 474:
> cn2phg
Grade: 0 bull and 6 cows
Turn 475:
> 2ncphg
Grade: 1 bull and 5 cows
Turn 476:
> n2cphg
Grade: 0 bull and 6 cows
Turn 477:
> n2pchg
Grade: 1 bull and 5 cows
Turn 478:
> 2npchg
Grade: 2 bulls and 4 cows
Turn 479:
> pn2chg
Grade: 1 bull and 5 cows
Turn 480:
> np2chg
Grade: 1 bull and 5 cows
Turn 481:
> 2pnchg
Grade: 3 bulls and 3 cows
Turn 482:
> p2nchg
Grade: 2 bulls and 4 cows
Turn 483:
> h2ncpg
Grade: 3 bulls and 3 cows
Turn 484:
> 2hncpg
Grade: 4 bulls and 2 cows
Turn 485:
> nh2cpg
Grade: 2 bulls and 4 cows
Turn 486:
> hn2cpg
Grade: 2 bulls and 4 cows
Turn 487:
> 2nhcpg
Grade: 3 bulls and 3 cows
Turn 488:
> n2hcpg
Grade: 2 bulls and 4 cows
Turn 489:
> c2hnpg
Grade: 1 bull and 5 cows
Turn 490:
> 2chnpg
Grade: 2 bulls and 4 cows
Turn 491:
> hc2npg
Grade: 1 bull and 5 cows
Turn 492:
> ch2npg
Grade: 1 bull and 5 cows
Turn 493:
> 2hcnpg
Grade: 2 bulls and 4 cows
Turn 494:
> h2cnpg
Grade: 1 bull and 5 cows
Turn 495:
> hnc2pg
Grade: 1 bull and 5 cows
Turn 496:
> nhc2pg
Grade: 1 bull and 5 cows
Turn 497:
> chn2pg
Grade: 2 bulls and 4 cows
Turn 498:
> hcn2pg
Grade: 2 bulls and 4 cows
Turn 499:
> nch2pg
Grade: 1 bull and 5 cows
Turn 500:
> cnh2pg
Grade: 1 bull and 5 cows
Turn 501:
> cn2hpg
Grade: 1 bull and 5 cows
Turn 502:
> nc2hpg
Grade: 1 bull and 5 cows
Turn 503:
> 2cnhpg
Grade: 3 bulls and 3 cows
Turn 504:
> c2nhpg
Grade: 2 bulls and 4 cows
Turn 505:
> n2chpg
Grade: 1 bull and 5 cows
Turn 506:
> 2nchpg
Grade: 2 bulls and 4 cows
Turn 507:
> 2ncgph
Grade: 3 bulls and 3 cows
Turn 508:
> n2cgph
Grade: 2 bulls and 4 cows
Turn 509:
> c2ngph
Grade: 3 bulls and 3 cows
Turn 510:
> 2cngph
Grade: 4 bulls and 2 cows
Turn 511:
> nc2gph
Grade: 2 bulls and 4 cows
Turn 512:
> cn2gph
Grade: 2 bulls and 4 cows
Turn 513:
> gn2cph
Grade: 3 bulls and 3 cows
Turn 514:
> ng2cph
Grade: 4 bulls and 2 cows
Turn 515:
> 2gncph
Grade: 6 bulls
Congratulations! You guessed the secret code.
]]></system-out>
  <system-err><![CDATA[]]></system-err>
</testsuite>
